2024-03-14 16:41:50,377 [INFO] Activator:176 - 


2024-03-14 16:41:50,391 [INFO] Activator:177 - !SESSION log4j initialized
2024-03-14 16:42:00,842 [INFO] LogOutputStream:77 - [STDOUT_REDIRECT] 
2024-03-14 16:42:04,215 [INFO] ApplicationProperties:184 - Using Application install path: C:\ST\STM32CubeIDE_1.14.1\STM32CubeIDE\plugins\com.st.stm32cube.common.mx_6.10.0.202311202037
2024-03-14 16:42:04,252 [INFO] DbMcusXml:78 - Set database path to: C:\ST\STM32CubeIDE_1.14.1\STM32CubeIDE\plugins\com.st.stm32cube.common.mx_6.10.0.202311202037\\db\/mcu/
2024-03-14 16:42:04,253 [INFO] ApiDb:274 - Set plugin database path to: C:\ST\STM32CubeIDE_1.14.1\STM32CubeIDE\plugins\com.st.stm32cube.common.mx_6.10.0.202311202037\\db\/plugins/boardmanager/
2024-03-14 16:42:04,254 [WARN] ApiDb:259 - Overriding images path with different value:  => C:\ST\STM32CubeIDE_1.14.1\STM32CubeIDE\plugins\com.st.stm32cube.common.mx_6.10.0.202311202037\\db\/plugins/mcufinder/images/
2024-03-14 16:42:04,284 [INFO] ApiDb:250 - Set database path to: C:\Users\chayu\.stmcufinder\plugins\mcufinder//mcu/
2024-03-14 16:42:04,288 [INFO] DbMcusAds:125 - Set database path to: C:\Users\chayu\.stmcufinder\plugins\mcufinder//mcu/
2024-03-14 16:42:04,294 [INFO] CrossReferenceDbSqlite:203 - Set database path to: C:\Users\chayu\.stmcufinder\plugins\mcufinder//mcu/cs/
2024-03-14 16:42:04,559 [INFO] RulesReader:64 - Compatibility file has been processed (297 Rules)
2024-03-14 16:42:04,766 [INFO] DbMcusXml:78 - Set database path to: C:\ST\STM32CubeIDE_1.14.1\STM32CubeIDE\plugins\com.st.stm32cube.common.mx_6.10.0.202311202037\\db\/mcu/
2024-03-14 16:42:04,766 [INFO] ApiDb:274 - Set plugin database path to: C:\ST\STM32CubeIDE_1.14.1\STM32CubeIDE\plugins\com.st.stm32cube.common.mx_6.10.0.202311202037\\db\/plugins/boardmanager/
2024-03-14 16:42:04,767 [INFO] ApiDb:261 - Set plugin images path to: C:\ST\STM32CubeIDE_1.14.1\STM32CubeIDE\plugins\com.st.stm32cube.common.mx_6.10.0.202311202037\\db\/plugins/mcufinder/images/
2024-03-14 16:42:04,767 [WARN] DbFile:41 - Overriding database path with different value: C:\Users\chayu\.stmcufinder\plugins\mcufinder/ => C:\Users\chayu\.stmcufinder\plugins\mcufinder
2024-03-14 16:42:04,767 [INFO] ApiDb:250 - Set database path to: C:\Users\chayu\.stmcufinder\plugins\mcufinder//mcu/
2024-03-14 16:42:04,767 [WARN] DbFile:41 - Overriding database path with different value: C:\Users\chayu\.stmcufinder\plugins\mcufinder/ => C:\Users\chayu\.stmcufinder\plugins\mcufinder
2024-03-14 16:42:04,767 [INFO] DbMcusAds:125 - Set database path to: C:\Users\chayu\.stmcufinder\plugins\mcufinder//mcu/
2024-03-14 16:42:04,768 [WARN] DbFile:41 - Overriding database path with different value: C:\Users\chayu\.stmcufinder\plugins\mcufinder/ => C:\Users\chayu\.stmcufinder\plugins\mcufinder
2024-03-14 16:42:04,768 [WARN] DbFile:41 - Overriding database path with different value: C:\Users\chayu\.stmcufinder\plugins\mcufinder/ => C:\Users\chayu\.stmcufinder\plugins\mcufinder
2024-03-14 16:42:04,768 [INFO] CrossReferenceDbSqlite:203 - Set database path to: C:\Users\chayu\.stmcufinder\plugins\mcufinder//mcu/cs/
2024-03-14 16:42:04,932 [INFO] MainPanel:264 - HeapMemory: 268435456
2024-03-14 16:42:05,117 [INFO] DbMcusXml:78 - Set database path to: C:\ST\STM32CubeIDE_1.14.1\STM32CubeIDE\plugins\com.st.stm32cube.common.mx_6.10.0.202311202037\\db\/mcu/
2024-03-14 16:42:05,117 [INFO] ApiDb:274 - Set plugin database path to: C:\ST\STM32CubeIDE_1.14.1\STM32CubeIDE\plugins\com.st.stm32cube.common.mx_6.10.0.202311202037\\db\/plugins/boardmanager/
2024-03-14 16:42:05,118 [INFO] ApiDb:261 - Set plugin images path to: C:\ST\STM32CubeIDE_1.14.1\STM32CubeIDE\plugins\com.st.stm32cube.common.mx_6.10.0.202311202037\\db\/plugins/mcufinder/images/
2024-03-14 16:42:05,119 [WARN] DbFile:41 - Overriding database path with different value: C:\Users\chayu\.stmcufinder\plugins\mcufinder/ => C:\Users\chayu\.stmcufinder\plugins\mcufinder
2024-03-14 16:42:05,119 [INFO] ApiDb:250 - Set database path to: C:\Users\chayu\.stmcufinder\plugins\mcufinder//mcu/
2024-03-14 16:42:05,119 [WARN] DbFile:41 - Overriding database path with different value: C:\Users\chayu\.stmcufinder\plugins\mcufinder/ => C:\Users\chayu\.stmcufinder\plugins\mcufinder
2024-03-14 16:42:05,119 [INFO] DbMcusAds:125 - Set database path to: C:\Users\chayu\.stmcufinder\plugins\mcufinder//mcu/
2024-03-14 16:42:05,119 [WARN] DbFile:41 - Overriding database path with different value: C:\Users\chayu\.stmcufinder\plugins\mcufinder/ => C:\Users\chayu\.stmcufinder\plugins\mcufinder
2024-03-14 16:42:05,120 [WARN] DbFile:41 - Overriding database path with different value: C:\Users\chayu\.stmcufinder\plugins\mcufinder/ => C:\Users\chayu\.stmcufinder\plugins\mcufinder
2024-03-14 16:42:05,120 [INFO] CrossReferenceDbSqlite:203 - Set database path to: C:\Users\chayu\.stmcufinder\plugins\mcufinder//mcu/cs/
2024-03-14 16:42:05,160 [INFO] ApplicationProperties:184 - Using Application install path: C:\ST\STM32CubeIDE_1.14.1\STM32CubeIDE\plugins\com.st.stm32cube.common.mx_6.10.0.202311202037
2024-03-14 16:42:05,163 [INFO] PluginManage:196 - Search for loadable plugins [exclusion list=, ]
2024-03-14 16:42:05,167 [INFO] PluginManage:310 - Check plugin analytics
2024-03-14 16:42:05,482 [INFO] AnalyticsPlugin:253 - Accepted Software Licenses: STM32CubeMX.6.10.0
2024-03-14 16:42:05,483 [INFO] AnalyticsPlugin:255 - Accepted CMSIS Pack Licenses: ARM.CMSIS-DSP.1.15.0
2024-03-14 16:42:05,484 [INFO] AnalyticsPlugin:257 - Accepted Firmware Licenses: FW.G4.1.5.0
2024-03-14 16:42:05,490 [INFO] PluginManage:359 - Loaded plugin analytics (category:tool,tabindex:-1)
2024-03-14 16:42:05,491 [INFO] PluginManage:310 - Check plugin cadmodel
2024-03-14 16:42:05,521 [INFO] CADModel:105 - Init CAD model plugin
2024-03-14 16:42:05,521 [INFO] PluginManage:359 - Loaded plugin cadmodel (category:power,tabindex:5)
2024-03-14 16:42:05,521 [INFO] PluginManage:310 - Check plugin clock
2024-03-14 16:42:05,566 [INFO] PluginManage:359 - Loaded plugin clock (category:base,tabindex:2)
2024-03-14 16:42:05,566 [INFO] PluginManage:310 - Check plugin ddr
2024-03-14 16:42:05,571 [INFO] PluginManage:359 - Loaded plugin ddr (category:tool,tabindex:6)
2024-03-14 16:42:05,571 [INFO] PluginManage:310 - Check plugin filemanager
2024-03-14 16:42:05,848 [INFO] PluginManage:359 - Loaded plugin filemanager (category:base,tabindex:10)
2024-03-14 16:42:05,848 [INFO] PluginManage:310 - Check plugin ipmanager
2024-03-14 16:42:05,865 [INFO] PluginManage:359 - Loaded plugin ipmanager (category:base,tabindex:5)
2024-03-14 16:42:05,865 [INFO] PluginManage:310 - Check plugin lpbam
2024-03-14 16:42:05,901 [INFO] PluginManage:359 - Loaded plugin lpbam (category:base,tabindex:0)
2024-03-14 16:42:05,902 [INFO] PluginManage:310 - Check plugin memorymap
2024-03-14 16:42:05,944 [INFO] PluginManage:359 - Loaded plugin memorymap (category:base,tabindex:4)
2024-03-14 16:42:05,944 [INFO] PluginManage:310 - Check plugin pinoutandconfiguration
2024-03-14 16:42:05,975 [INFO] PluginManage:359 - Loaded plugin pinoutandconfiguration (category:base,tabindex:1)
2024-03-14 16:42:05,976 [INFO] PluginManage:310 - Check plugin pinoutconfig
2024-03-14 16:42:06,180 [WARN] SupportedApi:132 - Cannot load RTOS API schema: s4s-elt-must-match.1: The content of 'definitions' must match (annotation?, (simpleType | complexType)?, (unique | key | keyref)*)). A problem was found starting at: attribute.
2024-03-14 16:42:06,533 [INFO] PluginManage:359 - Loaded plugin pinoutconfig (category:base,tabindex:0)
2024-03-14 16:42:06,534 [INFO] PluginManage:310 - Check plugin power
2024-03-14 16:42:06,581 [INFO] PluginManage:359 - Loaded plugin power (category:power,tabindex:4)
2024-03-14 16:42:06,581 [INFO] PluginManage:310 - Check plugin projectmanager
2024-03-14 16:42:06,619 [INFO] PluginManage:359 - Loaded plugin projectmanager (category:projectmanager,tabindex:3)
2024-03-14 16:42:06,620 [INFO] PluginManage:310 - Check plugin thirdparty
2024-03-14 16:42:07,241 [INFO] PluginManage:359 - Loaded plugin thirdparty (category:base,tabindex:-1)
2024-03-14 16:42:07,241 [WARN] IntegrityCheckThread:84 - waiting for thirdparty lock release [integrity check]
2024-03-14 16:42:07,241 [INFO] PluginManage:310 - Check plugin tools
2024-03-14 16:42:07,241 [INFO] IntegrityCheckThread:86 - entering critical section [integrity check]
2024-03-14 16:42:07,242 [INFO] ThirdPartyUpdaterWithRetryManager:70 - Updater plugin not ready yet. [1/15]
2024-03-14 16:42:07,332 [INFO] PluginManage:359 - Loaded plugin tools (category:base,tabindex:7)
2024-03-14 16:42:07,333 [INFO] PluginManage:310 - Check plugin tutovideos
2024-03-14 16:42:07,783 [INFO] PluginManage:359 - Loaded plugin tutovideos (category:base,tabindex:-1)
2024-03-14 16:42:07,783 [INFO] PluginManage:310 - Check plugin updater
2024-03-14 16:42:07,804 [INFO] PluginManage:359 - Loaded plugin updater (category:base,tabindex:12)
2024-03-14 16:42:07,804 [INFO] PluginManage:310 - Check plugin userauth
2024-03-14 16:42:07,815 [INFO] UserAuth:114 - Init User Auth plugin
2024-03-14 16:42:07,815 [INFO] PluginManage:359 - Loaded plugin userauth (category:base,tabindex:14)
2024-03-14 16:42:07,816 [INFO] PluginManage:283 - PluginManage : Loaded plugins [17]
2024-03-14 16:42:08,227 [INFO] PinOutPanel:1499 - setPackage(No Configuration,No Configuration)
2024-03-14 16:42:08,384 [INFO] CADModel:165 - CPN selected for project level
2024-03-14 16:42:08,384 [INFO] CADModel:114 - Register for checkConnection events
2024-03-14 16:42:08,426 [INFO] IPUIPlugin:80 - create IPUIPlugin
2024-03-14 16:42:08,427 [INFO] PluginManager:220 - loadIPPluginJar : add adc
2024-03-14 16:42:08,491 [INFO] IPUIPlugin:80 - create IPUIPlugin
2024-03-14 16:42:08,491 [INFO] PluginManager:220 - loadIPPluginJar : add aes
2024-03-14 16:42:08,562 [INFO] IPUIPlugin:80 - create IPUIPlugin
2024-03-14 16:42:08,562 [INFO] PluginManager:220 - loadIPPluginJar : add can
2024-03-14 16:42:08,602 [INFO] IPUIPlugin:80 - create IPUIPlugin
2024-03-14 16:42:08,602 [INFO] PluginManager:220 - loadIPPluginJar : add comp
2024-03-14 16:42:08,664 [INFO] IPUIPlugin:80 - create IPUIPlugin
2024-03-14 16:42:08,665 [INFO] PluginManager:220 - loadIPPluginJar : add cryp
2024-03-14 16:42:08,718 [INFO] IPUIPlugin:80 - create IPUIPlugin
2024-03-14 16:42:08,718 [INFO] PluginManager:220 - loadIPPluginJar : add dfsdm
2024-03-14 16:42:08,741 [INFO] IPUIPlugin:80 - create IPUIPlugin
2024-03-14 16:42:08,742 [INFO] PluginManager:220 - loadIPPluginJar : add dma
2024-03-14 16:42:08,820 [INFO] IPUIPlugin:80 - create IPUIPlugin
2024-03-14 16:42:08,820 [INFO] PluginManager:220 - loadIPPluginJar : add dma3
2024-03-14 16:42:08,857 [INFO] IPUIPlugin:80 - create IPUIPlugin
2024-03-14 16:42:08,857 [INFO] PluginManager:220 - loadIPPluginJar : add fatfs
2024-03-14 16:42:08,941 [INFO] IPUIPlugin:80 - create IPUIPlugin
2024-03-14 16:42:08,941 [INFO] PluginManager:220 - loadIPPluginJar : add fmc
2024-03-14 16:42:08,967 [INFO] IPUIPlugin:80 - create IPUIPlugin
2024-03-14 16:42:08,968 [INFO] PluginManager:220 - loadIPPluginJar : add freertos
2024-03-14 16:42:09,004 [INFO] IPUIPlugin:80 - create IPUIPlugin
2024-03-14 16:42:09,004 [INFO] PluginManager:220 - loadIPPluginJar : add genericplugin
2024-03-14 16:42:09,166 [INFO] IPUIPlugin:80 - create IPUIPlugin
2024-03-14 16:42:09,166 [INFO] PluginManager:220 - loadIPPluginJar : add gfxmmu
2024-03-14 16:42:09,396 [INFO] IPUIPlugin:80 - create IPUIPlugin
2024-03-14 16:42:09,397 [INFO] PluginManager:220 - loadIPPluginJar : add gic
2024-03-14 16:42:09,420 [INFO] IPUIPlugin:80 - create IPUIPlugin
2024-03-14 16:42:09,421 [INFO] PluginManager:220 - loadIPPluginJar : add gpio
2024-03-14 16:42:09,626 [INFO] IPUIPlugin:80 - create IPUIPlugin
2024-03-14 16:42:09,626 [INFO] PluginManager:220 - loadIPPluginJar : add gtzc
2024-03-14 16:42:09,685 [INFO] IPUIPlugin:80 - create IPUIPlugin
2024-03-14 16:42:09,686 [INFO] PluginManager:220 - loadIPPluginJar : add hash
2024-03-14 16:42:09,777 [INFO] IPUIPlugin:80 - create IPUIPlugin
2024-03-14 16:42:09,777 [INFO] PluginManager:220 - loadIPPluginJar : add i2c
2024-03-14 16:42:09,844 [INFO] IPUIPlugin:80 - create IPUIPlugin
2024-03-14 16:42:09,844 [INFO] PluginManager:220 - loadIPPluginJar : add i2s
2024-03-14 16:42:09,915 [INFO] IPUIPlugin:80 - create IPUIPlugin
2024-03-14 16:42:09,915 [INFO] PluginManager:220 - loadIPPluginJar : add i3c
2024-03-14 16:42:10,100 [INFO] IPUIPlugin:80 - create IPUIPlugin
2024-03-14 16:42:10,101 [INFO] PluginManager:220 - loadIPPluginJar : add ipddr
2024-03-14 16:42:10,245 [INFO] ThirdPartyUpdaterWithRetryManager:70 - Updater plugin not ready yet. [2/15]
2024-03-14 16:42:10,286 [INFO] IPUIPlugin:80 - create IPUIPlugin
2024-03-14 16:42:10,287 [INFO] PluginManager:220 - loadIPPluginJar : add linkedlist
2024-03-14 16:42:10,356 [INFO] IPUIPlugin:80 - create IPUIPlugin
2024-03-14 16:42:10,356 [INFO] PluginManager:220 - loadIPPluginJar : add lorawan
2024-03-14 16:42:10,419 [INFO] IPUIPlugin:80 - create IPUIPlugin
2024-03-14 16:42:10,419 [INFO] PluginManager:220 - loadIPPluginJar : add ltdc
2024-03-14 16:42:10,447 [INFO] IPUIPlugin:80 - create IPUIPlugin
2024-03-14 16:42:10,448 [INFO] PluginManager:220 - loadIPPluginJar : add mdma
2024-03-14 16:42:10,470 [INFO] IPUIPlugin:80 - create IPUIPlugin
2024-03-14 16:42:10,470 [INFO] PluginManager:220 - loadIPPluginJar : add nvic
2024-03-14 16:42:10,531 [INFO] IPUIPlugin:80 - create IPUIPlugin
2024-03-14 16:42:10,531 [INFO] PluginManager:220 - loadIPPluginJar : add opamp
2024-03-14 16:42:10,636 [INFO] IPUIPlugin:80 - create IPUIPlugin
2024-03-14 16:42:10,636 [INFO] PluginManager:220 - loadIPPluginJar : add openamp
2024-03-14 16:42:10,728 [INFO] IPUIPlugin:80 - create IPUIPlugin
2024-03-14 16:42:10,729 [INFO] PluginManager:220 - loadIPPluginJar : add pdm2pcm
2024-03-14 16:42:10,752 [INFO] IPUIPlugin:80 - create IPUIPlugin
2024-03-14 16:42:10,757 [INFO] PluginManager:220 - loadIPPluginJar : add plateformsettings
2024-03-14 16:42:10,792 [INFO] IPUIPlugin:80 - create IPUIPlugin
2024-03-14 16:42:10,793 [INFO] PluginManager:220 - loadIPPluginJar : add quadspi
2024-03-14 16:42:10,812 [INFO] IPUIPlugin:80 - create IPUIPlugin
2024-03-14 16:42:10,812 [INFO] PluginManager:220 - loadIPPluginJar : add resmgrutility
2024-03-14 16:42:10,909 [INFO] IPUIPlugin:80 - create IPUIPlugin
2024-03-14 16:42:10,909 [INFO] PluginManager:220 - loadIPPluginJar : add sai
2024-03-14 16:42:11,001 [INFO] IPUIPlugin:80 - create IPUIPlugin
2024-03-14 16:42:11,001 [INFO] PluginManager:220 - loadIPPluginJar : add spi
2024-03-14 16:42:11,123 [INFO] IPUIPlugin:80 - create IPUIPlugin
2024-03-14 16:42:11,123 [INFO] PluginManager:220 - loadIPPluginJar : add stm32_wpan
2024-03-14 16:42:11,169 [INFO] IPUIPlugin:80 - create IPUIPlugin
2024-03-14 16:42:11,170 [INFO] PluginManager:220 - loadIPPluginJar : add tim
2024-03-14 16:42:11,280 [INFO] IPUIPlugin:80 - create IPUIPlugin
2024-03-14 16:42:11,281 [INFO] PluginManager:220 - loadIPPluginJar : add touchsensing
2024-03-14 16:42:11,319 [INFO] IPUIPlugin:80 - create IPUIPlugin
2024-03-14 16:42:11,319 [INFO] PluginManager:220 - loadIPPluginJar : add tracer_emb
2024-03-14 16:42:11,359 [INFO] IPUIPlugin:80 - create IPUIPlugin
2024-03-14 16:42:11,360 [INFO] PluginManager:220 - loadIPPluginJar : add ts
2024-03-14 16:42:11,395 [INFO] IPUIPlugin:80 - create IPUIPlugin
2024-03-14 16:42:11,396 [INFO] PluginManager:220 - loadIPPluginJar : add tsc
2024-03-14 16:42:11,433 [INFO] IPUIPlugin:80 - create IPUIPlugin
2024-03-14 16:42:11,434 [INFO] PluginManager:220 - loadIPPluginJar : add ucpd
2024-03-14 16:42:11,535 [INFO] IPUIPlugin:80 - create IPUIPlugin
2024-03-14 16:42:11,535 [INFO] PluginManager:220 - loadIPPluginJar : add usart
2024-03-14 16:42:11,610 [INFO] IPUIPlugin:80 - create IPUIPlugin
2024-03-14 16:42:11,610 [INFO] PluginManager:220 - loadIPPluginJar : add usbx
2024-03-14 16:42:11,831 [INFO] CADModel:165 - CPN selected for project level
2024-03-14 16:42:11,832 [INFO] CADModel:114 - Register for checkConnection events
2024-03-14 16:42:11,832 [FATAL] Updater:308 - Updater called before beeing initialized
2024-03-14 16:42:11,832 [ERROR] CADModel:125 - Updater not yet initialized, retry later 
2024-03-14 16:42:12,160 [INFO] CADModel:165 - CPN selected for project level
2024-03-14 16:42:12,160 [INFO] CADModel:114 - Register for checkConnection events
2024-03-14 16:42:12,160 [FATAL] Updater:308 - Updater called before beeing initialized
2024-03-14 16:42:12,160 [ERROR] CADModel:125 - Updater not yet initialized, retry later 
2024-03-14 16:42:12,166 [FATAL] Updater:308 - Updater called before beeing initialized
2024-03-14 16:42:12,396 [FATAL] Updater:308 - Updater called before beeing initialized
2024-03-14 16:42:12,411 [INFO] DbMcusAds:53 - JSON generation date=Wed Nov 29 17:52:27 ICT 2023 (1701255147349)
2024-03-14 16:42:12,412 [FATAL] Updater:308 - Updater called before beeing initialized
2024-03-14 16:42:12,591 [WARN] DetailPanel:346 - Failed to get advertising image, set to default
2024-03-14 16:42:12,794 [FATAL] Updater:308 - Updater called before beeing initialized
2024-03-14 16:42:12,797 [FATAL] Updater:308 - Updater called before beeing initialized
2024-03-14 16:42:12,797 [FATAL] Updater:308 - Updater called before beeing initialized
2024-03-14 16:42:12,798 [WARN] DetailPanel:346 - Failed to get advertising image, set to default
2024-03-14 16:42:12,799 [FATAL] Updater:308 - Updater called before beeing initialized
2024-03-14 16:42:12,917 [ERROR] Updater:1120 - MainUpdater not yet initialized. External WinMGr cannot be set.
2024-03-14 16:42:12,941 [INFO] Updater:1056 - Updater Version found : 6.10.0
2024-03-14 16:42:12,973 [INFO] ApplicationProperties:184 - Using Application install path: C:\ST\STM32CubeIDE_1.14.1\STM32CubeIDE\plugins\com.st.stm32cube.common.mx_6.10.0.202311202037
2024-03-14 16:42:13,246 [INFO] ThirdPartyUpdaterWithRetryManager:70 - Updater plugin not ready yet. [3/15]
2024-03-14 16:42:13,676 [INFO] MainUpdater:2873 - connection check result : 10
2024-03-14 16:42:13,677 [INFO] MainUpdater:3567 - Updater definition file requires update
2024-03-14 16:42:13,679 [INFO] MainUpdater:290 - Updater Check For Update Now.
2024-03-14 16:42:13,680 [INFO] MicroXplorer:498 - Change Database Version : DB.6.0.100
2024-03-14 16:42:13,731 [INFO] McuFinderGlobals:63 - Set McuFinder mode to 2 (CubeIDE integrated)
2024-03-14 16:42:13,862 [INFO] ServerAccessManage:473 - Download File updaters.zip
2024-03-14 16:42:14,058 [INFO] FileExtend:240 - Unzip File : updaters.zip
2024-03-14 16:42:14,059 [INFO] FileExtend:255 - Standard Zip Deflate
2024-03-14 16:42:14,528 [INFO] UserAuth:404 - Internet connection configuration mode: 1
2024-03-14 16:42:14,592 [INFO] JxBrowserEngine:152 - Initiate JxBrowser Engine with user profile folder
2024-03-14 16:42:15,172 [INFO] ServerAccessManage:473 - Download File PacksControlFlags.xml
2024-03-14 16:42:15,744 [INFO] ServerAccessManage:473 - Download File cubemx.pidx
2024-03-14 16:42:16,043 [INFO] LoadServerUpdatesThread:375 - End of LoadServerUpdate Thread
2024-03-14 16:42:16,249 [WARN] MainUpdater:1194 - Updater busy. Cannot search thirdparties
2024-03-14 16:42:16,250 [INFO] ThirdPartyUpdaterWithRetryManager:96 - Updater plugin is busy. [1/15]
2024-03-14 16:42:16,361 [INFO] CheckServerUpdateThread:120 - End of CheckServer Thread
2024-03-14 16:42:19,629 [WARN] PackLoader:240 - Cannot read IP mode file for STMicroelectronics.X-CUBE-SMBUS.2.1.0
2024-03-14 16:42:19,655 [WARN] PackLoader:240 - Cannot read IP mode file for STMicroelectronics.X-CUBE-TOUCHGFX.4.23.0
2024-03-14 16:42:19,726 [WARN] PackLoader:240 - Cannot read IP mode file for STMicroelectronics.X-CUBE-AZRTOS-F7.1.1.0
2024-03-14 16:42:19,768 [WARN] PackLoader:240 - Cannot read IP mode file for STMicroelectronics.FP-SNS-MOTENV1.4.3.2
2024-03-14 16:42:19,800 [WARN] PackLoader:240 - Cannot read IP mode file for STMicroelectronics.FP-SNS-FLIGHT1.5.0.2
2024-03-14 16:42:19,829 [WARN] PackLoader:240 - Cannot read IP mode file for STMicroelectronics.X-CUBE-DISPLAY.3.0.0
2024-03-14 16:42:19,872 [WARN] PackLoader:240 - Cannot read IP mode file for STMicroelectronics.X-CUBE-BLE1.7.0.0
2024-03-14 16:42:19,896 [WARN] PackLoader:240 - Cannot read IP mode file for emotas.I-CUBE-CANOPEN.1.3.0
2024-03-14 16:42:19,930 [WARN] PackLoader:240 - Cannot read IP mode file for STMicroelectronics.X-CUBE-BLEMGR.3.1.0
2024-03-14 16:42:19,981 [WARN] PackLoader:240 - Cannot read IP mode file for STMicroelectronics.FP-SNS-SMARTAG2.1.2.0
2024-03-14 16:42:20,049 [INFO] LogOutputStream:77 - [STDOUT_REDIRECT] 1 : Invalid condition id : UX_CORESTACK_Condition cause : null
2024-03-14 16:42:20,050 [INFO] LogOutputStream:77 - [STDOUT_REDIRECT] 1 : Invalid condition id : UX_CORESTACK_Condition cause : null
2024-03-14 16:42:20,052 [INFO] LogOutputStream:77 - [STDOUT_REDIRECT] 1 : Invalid condition id : UX_CORESTACK_Condition cause : null
2024-03-14 16:42:20,054 [INFO] LogOutputStream:77 - [STDOUT_REDIRECT] 1 : Invalid condition id : UX_CORESTACK_Condition cause : null
2024-03-14 16:42:20,057 [INFO] LogOutputStream:77 - [STDOUT_REDIRECT] 1 : Invalid condition id : UX_CORESTACK_Condition cause : null
2024-03-14 16:42:20,066 [WARN] PackLoader:240 - Cannot read IP mode file for STMicroelectronics.X-CUBE-AZRTOS-WL.2.0.0
2024-03-14 16:42:20,103 [WARN] PackLoader:240 - Cannot read IP mode file for WES.I-CUBE-Cesium.1.3.0
2024-03-14 16:42:20,126 [WARN] PackLoader:240 - Cannot read IP mode file for STMicroelectronics.X-CUBE-BLE2.3.3.0
2024-03-14 16:42:20,628 [WARN] PackLoader:240 - Cannot read IP mode file for STMicroelectronics.X-CUBE-ALGOBUILD.1.3.0
2024-03-14 16:42:20,705 [WARN] PackLoader:240 - Cannot read IP mode file for STMicroelectronics.X-CUBE-AZRTOS-G0.1.1.0
2024-03-14 16:42:20,743 [WARN] PackLoader:240 - Cannot read IP mode file for STMicroelectronics.X-CUBE-NFC4.3.0.0
2024-03-14 16:42:20,745 [INFO] WebApp:161 - Instantiating new browser for Auth
2024-03-14 16:42:20,789 [WARN] PackLoader:240 - Cannot read IP mode file for STMicroelectronics.X-CUBE-BLEMGR.3.0.0
2024-03-14 16:42:20,847 [WARN] PackLoader:240 - Cannot read IP mode file for STMicroelectronics.FP-ATR-SIGFOX1.3.2.0
2024-03-14 16:42:20,885 [WARN] PackLoader:240 - Cannot read IP mode file for STMicroelectronics.X-CUBE-EEPRMA1.5.1.0
2024-03-14 16:42:20,996 [WARN] PackLoader:240 - Cannot read IP mode file for SEGGER.I-CUBE-embOS.1.3.1
2024-03-14 16:42:21,150 [WARN] PackLoader:240 - Cannot read IP mode file for STMicroelectronics.X-CUBE-GNSS1.6.0.0
2024-03-14 16:42:21,228 [WARN] PackLoader:240 - Cannot read IP mode file for STMicroelectronics.X-CUBE-AZRTOS-F4.1.1.0
2024-03-14 16:42:21,266 [WARN] PackLoader:240 - Cannot read IP mode file for wolfSSL.I-CUBE-wolfSSL.5.6.6
2024-03-14 16:42:21,329 [WARN] PackLoader:240 - Cannot read IP mode file for STMicroelectronics.X-CUBE-AZRTOS-L5.2.0.0
2024-03-14 16:42:21,367 [WARN] PackLoader:240 - Cannot read IP mode file for STMicroelectronics.X-CUBE-EEPRMA1.4.2.0
2024-03-14 16:42:21,393 [WARN] PackLoader:240 - Cannot read IP mode file for ITTIA_DB.I-CUBE-ITTIADB.8.8.0
2024-03-14 16:42:21,498 [WARN] PackLoader:240 - Cannot read IP mode file for STMicroelectronics.X-CUBE-NFC7.1.0.1
2024-03-14 16:42:21,539 [WARN] PackLoader:240 - Cannot read IP mode file for STMicroelectronics.X-CUBE-NFC6.3.0.0
2024-03-14 16:42:21,573 [WARN] PackLoader:240 - Cannot read IP mode file for STMicroelectronics.X-CUBE-AI.8.1.0
2024-03-14 16:42:21,627 [WARN] ConditionMgr:438 - getConditionDescription Invalid condition id : LAN8742 Phy interface Condition cause : null
2024-03-14 16:42:21,628 [WARN] PackLoader:240 - Cannot read IP mode file for STMicroelectronics.X-CUBE-AZRTOS-L4.2.0.0
2024-03-14 16:42:21,631 [WARN] ConditionMgr:1039 - genDependencies : Invalid condition id : LAN8742 Phy interface Condition cause : null
2024-03-14 16:42:21,632 [WARN] ConditionMgr:1039 - genDependencies : Invalid condition id : LAN8742 Phy interface Condition cause : null
2024-03-14 16:42:21,633 [WARN] ConditionMgr:1039 - genDependencies : Invalid condition id : LAN8742 Phy interface Condition cause : null
2024-03-14 16:42:21,662 [WARN] PackLoader:240 - Cannot read IP mode file for STMicroelectronics.X-CUBE-SFXS2LP1.4.0.0
2024-03-14 16:42:21,708 [WARN] ConditionMgr:438 - getConditionDescription Invalid condition id : UX DEVICE CLASS RTOS Condition cause : null
2024-03-14 16:42:21,709 [WARN] ConditionMgr:438 - getConditionDescription Invalid condition id : UX DEVICE CLASS RTOS Condition cause : null
2024-03-14 16:42:21,712 [WARN] PackLoader:240 - Cannot read IP mode file for STMicroelectronics.X-CUBE-AZRTOS-WB.2.0.0
2024-03-14 16:42:21,713 [WARN] ConditionMgr:1039 - genDependencies : Invalid condition id : UX DEVICE CLASS RTOS Condition cause : null
2024-03-14 16:42:21,713 [WARN] ConditionMgr:1039 - genDependencies : Invalid condition id : UX DEVICE CLASS RTOS Condition cause : null
2024-03-14 16:42:21,714 [WARN] ConditionMgr:1039 - genDependencies : Invalid condition id : UX DEVICE CLASS RTOS Condition cause : null
2024-03-14 16:42:21,715 [WARN] ConditionMgr:1039 - genDependencies : Invalid condition id : UX DEVICE CLASS RTOS Condition cause : null
2024-03-14 16:42:21,715 [WARN] ConditionMgr:1039 - genDependencies : Invalid condition id : UX DEVICE CLASS RTOS Condition cause : null
2024-03-14 16:42:21,762 [WARN] PackLoader:240 - Cannot read IP mode file for STMicroelectronics.X-CUBE-SUBG2.5.0.0
2024-03-14 16:42:21,833 [WARN] PackLoader:240 - Cannot read IP mode file for STMicroelectronics.X-CUBE-AZRTOS-G4.2.0.0
2024-03-14 16:42:21,889 [WARN] PackLoader:240 - Cannot read IP mode file for Infineon.AIROC-Wi-Fi-Bluetooth-STM32.1.5.1
2024-03-14 16:42:21,928 [WARN] PackLoader:240 - Cannot read IP mode file for STMicroelectronics.FP-SNS-MOTENVWB1.1.3.1
2024-03-14 16:42:21,958 [WARN] PackLoader:240 - Cannot read IP mode file for STMicroelectronics.X-CUBE-ISPU.2.0.0
2024-03-14 16:42:22,060 [WARN] PackLoader:240 - Cannot read IP mode file for STMicroelectronics.X-CUBE-MEMS1.10.0.0
2024-03-14 16:42:22,292 [INFO] WebApp:780 - Register for checkConnection events
2024-03-14 16:42:22,293 [INFO] WebApp:414 - Apply proxy settings
2024-03-14 16:42:22,294 [INFO] WebApp:499 - Chromium requires no authentication
2024-03-14 16:42:22,304 [WARN] PackLoader:240 - Cannot read IP mode file for STMicroelectronics.X-CUBE-FREERTOS.1.1.0
2024-03-14 16:42:22,315 [INFO] WebApp:442 - Direct internet connection detected
2024-03-14 16:42:22,340 [WARN] PackLoader:240 - Cannot read IP mode file for portGmbH.I-Cube-SoM-uGOAL.1.1.0
2024-03-14 16:42:22,370 [WARN] PackLoader:240 - Cannot read IP mode file for STMicroelectronics.X-CUBE-ALS.1.0.1
2024-03-14 16:42:22,400 [WARN] PackLoader:240 - Cannot read IP mode file for STMicroelectronics.FP-ATR-ASTRA1.2.0.0
2024-03-14 16:42:22,442 [WARN] PackLoader:240 - Cannot read IP mode file for STMicroelectronics.X-CUBE-TOF1.3.4.0
2024-03-14 16:42:22,519 [WARN] PackLoader:240 - Cannot read IP mode file for STMicroelectronics.X-CUBE-AZRTOS-H7.3.2.0
2024-03-14 16:42:22,524 [INFO] ThirdParty:978 - Integrity check success = true
2024-03-14 16:42:22,524 [INFO] IntegrityCheckThread:100 - exiting critical section [integrity check]
2024-03-14 16:42:22,525 [INFO] IntegrityCheckThread:103 - End integrity checks thread
2024-03-14 16:42:22,774 [INFO] WebApp:192 - Starting web application
2024-03-14 16:42:22,775 [INFO] WebApp:544 - Web application path used C:\ST\STM32CubeIDE_1.14.1\STM32CubeIDE\plugins\com.st.stm32cube.common.mx_6.10.0.202311202037\db\plugins\mcufinder\reactClient1\index.html
2024-03-14 16:42:44,562 [ERROR] LogOutputStream:75 - [STDERR_REDIRECT] SLF4J: Failed to load class "org.slf4j.impl.StaticLoggerBinder".
2024-03-14 16:42:44,563 [ERROR] LogOutputStream:75 - [STDERR_REDIRECT] SLF4J: Defaulting to no-operation (NOP) logger implementation
2024-03-14 16:42:44,565 [ERROR] LogOutputStream:75 - [STDERR_REDIRECT] SLF4J: See http://www.slf4j.org/codes.html#StaticLoggerBinder for further details.
2024-03-14 16:54:38,151 [INFO] McuFinderGlobals:63 - Set McuFinder mode to 2 (CubeIDE integrated)
2024-03-14 16:54:38,203 [INFO] MainUpdater:2873 - connection check result : 10
2024-03-14 16:54:38,214 [INFO] MainUpdater:2873 - connection check result : 10
2024-03-14 16:54:38,535 [INFO] MicroXplorer:468 - Change Database Path : 
2024-03-14 16:54:38,536 [INFO] MicroXplorer:498 - Change Database Version : DB.6.0.100
2024-03-14 16:54:38,546 [WARN] ThirdParty:871 - waiting for thirdparty lock release [close project]
2024-03-14 16:54:38,546 [INFO] ThirdParty:873 - entering critical section [close project]
2024-03-14 16:54:38,551 [INFO] ThirdParty:883 - exiting critical section [close project]
2024-03-14 16:54:38,554 [INFO] PinOutPanel:1499 - setPackage(No Configuration,No Configuration)
2024-03-14 16:54:38,559 [INFO] UtilMem:75 - Begin LoadConfig() Used Memory: 665636576 Bytes (872415232)
2024-03-14 16:54:38,561 [INFO] MicroXplorer:468 - Change Database Path : 
2024-03-14 16:54:38,561 [INFO] MicroXplorer:498 - Change Database Version : DB.6.0.100
2024-03-14 16:54:38,562 [INFO] OpenFileManager:312 - Change cursor
2024-03-14 16:54:38,643 [INFO] Mcu:2016 - Initializing MCU STM32G474R(B-C-E)Tx STM32G474RETx STM32G474RET6
2024-03-14 16:54:49,864 [INFO] Context:659 - Trying to add GPIOservice into a context  which must be forbidden
2024-03-14 16:54:54,368 [INFO] RtosManager:555 - Registered RTOS mode: class=CMSIS, group=RTOS, mode=CMSIS_V1, owner=FREERTOS
2024-03-14 16:54:54,369 [INFO] RtosManager:555 - Registered RTOS mode: class=CMSIS, group=RTOS2, mode=CMSIS_V2, owner=FREERTOS
2024-03-14 16:54:54,369 [INFO] RtosManager:555 - Registered RTOS mode: class=RTOS, group=Core, mode=CMSIS_V1, owner=FREERTOS
2024-03-14 16:54:54,369 [INFO] RtosManager:555 - Registered RTOS mode: class=RTOS, group=Core, mode=CMSIS_V2, owner=FREERTOS
2024-03-14 16:54:54,369 [WARN] ModelIntegratedComponent:184 - Missing modes for component STMicroelectronics:FreeRTOS:0.0.1:STMicroelectronics:RTOS:FreeRTOS:Core:::10.2.0:
2024-03-14 16:54:54,399 [WARN] ModelIntegratedComponent:63 - No mode defined for component null
2024-03-14 16:54:54,399 [WARN] ModelIntegratedComponent:63 - No mode defined for component null
2024-03-14 16:54:54,399 [WARN] ModelIntegratedComponent:63 - No mode defined for component null
2024-03-14 16:54:54,400 [WARN] ModelIntegratedComponent:63 - No mode defined for component null
2024-03-14 16:54:54,400 [WARN] ModelIntegratedComponent:63 - No mode defined for component null
2024-03-14 16:54:54,400 [WARN] ModelIntegratedComponent:63 - No mode defined for component null
2024-03-14 16:54:54,401 [WARN] ModelIntegratedComponent:63 - No mode defined for component null
2024-03-14 16:54:54,402 [WARN] ModelIntegratedComponent:63 - No mode defined for component null
2024-03-14 16:54:54,402 [WARN] ModelIntegratedComponent:63 - No mode defined for component null
2024-03-14 16:54:54,403 [WARN] ModelIntegratedComponent:63 - No mode defined for component null
2024-03-14 16:54:54,403 [WARN] ModelIntegratedComponent:63 - No mode defined for component null
2024-03-14 16:54:54,403 [WARN] ModelIntegratedComponent:63 - No mode defined for component null
2024-03-14 16:54:54,403 [WARN] ModelIntegratedComponent:63 - No mode defined for component null
2024-03-14 16:54:54,403 [WARN] ModelIntegratedComponent:63 - No mode defined for component null
2024-03-14 16:54:54,403 [WARN] ModelIntegratedComponent:63 - No mode defined for component null
2024-03-14 16:54:54,403 [WARN] ModelIntegratedComponent:63 - No mode defined for component null
2024-03-14 16:54:54,404 [WARN] ModelIntegratedComponent:63 - No mode defined for component null
2024-03-14 16:54:54,404 [WARN] ModelIntegratedComponent:63 - No mode defined for component null
2024-03-14 16:54:54,404 [WARN] ModelIntegratedComponent:63 - No mode defined for component null
2024-03-14 16:54:54,404 [WARN] ModelIntegratedComponent:63 - No mode defined for component null
2024-03-14 16:54:54,404 [WARN] ModelIntegratedComponent:63 - No mode defined for component null
2024-03-14 16:54:54,404 [WARN] ModelIntegratedComponent:63 - No mode defined for component null
2024-03-14 16:54:54,404 [WARN] ModelIntegratedComponent:63 - No mode defined for component null
2024-03-14 16:54:54,404 [WARN] ModelIntegratedComponent:63 - No mode defined for component null
2024-03-14 16:54:54,404 [WARN] ModelIntegratedComponent:63 - No mode defined for component null
2024-03-14 16:54:54,404 [WARN] ModelIntegratedComponent:63 - No mode defined for component null
2024-03-14 16:54:54,405 [WARN] ModelIntegratedComponent:63 - No mode defined for component null
2024-03-14 16:54:54,405 [WARN] ModelIntegratedComponent:63 - No mode defined for component null
2024-03-14 16:54:54,405 [WARN] ModelIntegratedComponent:63 - No mode defined for component null
2024-03-14 16:54:54,405 [WARN] ModelIntegratedComponent:63 - No mode defined for component null
2024-03-14 16:54:54,406 [WARN] ModelIntegratedComponent:63 - No mode defined for component null
2024-03-14 16:54:54,406 [WARN] ModelIntegratedComponent:63 - No mode defined for component null
2024-03-14 16:54:54,406 [WARN] ModelIntegratedComponent:63 - No mode defined for component null
2024-03-14 16:54:54,611 [INFO] ThirdPartyModel:298 - Start build external matchings
2024-03-14 16:54:55,115 [INFO] ThirdPartyModel:316 - End build external matchings
2024-03-14 16:54:55,159 [INFO] ImportTextPane:194 - (OptionalMessage_ERROR) IP (RCC) : Invalid parameter (FamilyName)
2024-03-14 16:54:55,164 [INFO] ImportTextPane:194 - (OptionalMessage_ERROR) IP (RCC) : Parameter (RNGFreq_Value) has invalid value (170000000)
2024-03-14 16:54:55,165 [INFO] ImportTextPane:194 - (OptionalMessage_ERROR) IP (RCC) : Parameter (USBFreq_Value) has invalid value (170000000)
2024-03-14 16:54:56,321 [INFO] UtilMem:75 - End LoadConfig() Used Memory: 673557184 Bytes (872415232)
2024-03-14 16:54:56,532 [INFO] ApiDb:581 - Connected to CubeFinder SQLite database (C:\Users\chayu\.stmcufinder\plugins\mcufinder\mcu\cube-finder-db.db)
2024-03-14 16:54:56,672 [INFO] ApiDb:668 - CubeFinder database Data Model version=2.1
2024-03-14 16:54:56,672 [INFO] ApiDb:669 - CubeFinder database Configuration version=3.0.39
2024-03-14 16:54:56,674 [INFO] ApiDb:670 - CubeFinder database generation date=2024-02-19 (1708350410)
2024-03-14 16:54:56,674 [INFO] ApiDb:671 - CubeFinder database FW Pack versions=[FP-ATR-ASTRA1_V2.0.0, FP-SNS-FLIGHT1_V5.0.1, FP-SNS-FLIGHT1_V5.0.2, FP-SNS-MOTENV1_V4.3.1, FP-SNS-MOTENV1_V4.3.2, FP-SNS-MOTENVWB1_V1.3.1, FP-SNS-SMARTAG2_V1.2.0, STM32Cube_FW_C0_V1.1.0, STM32Cube_FW_F4_V1.28.0, STM32Cube_FW_F7_V1.17.0, STM32Cube_FW_G0_V1.6.2, STM32Cube_FW_G4_V1.5.2, STM32Cube_FW_H5_V0.5.1, STM32Cube_FW_H5_V1.1.1, STM32Cube_FW_H5_V1.2.0RC2, STM32Cube_FW_H7_V1.11.0, STM32Cube_FW_L0_V1.12.2, STM32Cube_FW_L5_V1.5.0, STM32Cube_FW_U5_V1.3.0RC4, STM32Cube_FW_U5_V1.4.0, STM32Cube_FW_WBA_V1.0.0RC1, STM32Cube_FW_WBA_V1.1.0RC1, STM32Cube_FW_WBA_V1.2.0, STM32Cube_FW_WBA_V1.2.0RC2, STM32Cube_FW_WB_V1.15.0RC1, STM32Cube_FW_WB_V1.16.0, STM32Cube_FW_WB_V1.16.0RC2, STM32Cube_FW_WB_V1.18.0, STM32Cube_FW_WL_V1.3.0, X-CUBE-ALGOBUILD_V1.3.0, X-CUBE-ALS_V1.0.1, X-CUBE-AZRTOS-F4_V1.1.0, X-CUBE-AZRTOS-F7_V1.1.0, X-CUBE-AZRTOS-G0_V1.1.0, X-CUBE-AZRTOS-G4_V2.0.0, X-CUBE-AZRTOS-H7_V3.2.0, X-CUBE-AZRTOS-L4_V1.0.0, X-CUBE-AZRTOS-L4_V2.0.0, X-CUBE-AZRTOS-L5_V1.1.0, X-CUBE-AZRTOS-WB_V2.0.0, X-CUBE-AZRTOS-WL_V2.0.0, X-CUBE-BLE1_V7.0.0, X-CUBE-BLE2_V3.3.0, X-CUBE-BLEMGR_V3.0.0, X-CUBE-EEPRMA1_V4.1.0, X-CUBE-EEPRMA1_V5.1.0, X-CUBE-FREERTOS_V1.1.0, X-CUBE-GNSS1_V6.0.0, X-CUBE-MEMS1_V10.0.0, X-CUBE-MEMS1_V9.1.0, X-CUBE-MEMS1_V9.4.0, X-CUBE-MEMS1_V9.6.0, X-CUBE-NFC4_V3.0.0, X-CUBE-NFC7_V1.0.1, X-CUBE-SFXS2LP1_V4.0.0, X-CUBE-SUBG2_V5.0.0, X-CUBE-TOF1_V3.4.0]
2024-03-14 16:55:01,492 [INFO] ApiDb:240 - Found 371 in-development CPN: [B-G473E-ZEST1S, B-WB1M-WPAN1, B-WL5M-SUBG1, NUCLEO-C031C6, NUCLEO-H503RB, NUCLEO-H563ZI, NUCLEO-U545RE-Q, NUCLEO-U5A5ZJ-Q, NUCLEO-WBA52CG, NUCLEO-WBA55CG, STEVAL-MKBOXPRO, STEVAL-PROTEUS1, STEVAL-STWINBX1, STM320518-EVAL, STM32C0116-DK, STM32C011D6Y3TR, STM32C011D6Y6TR, STM32C011F4P3, STM32C011F4P6, STM32C011F4U3, STM32C011F4U6TR, STM32C011F6P3, STM32C011F6P6, STM32C011F6U3, STM32C011F6U6TR, STM32C011J4M3, STM32C011J4M6, STM32C011J6M3, STM32C011J6M6, STM32C0316-DK, STM32C031C4T3, STM32C031C4T6, STM32C031C4U3, STM32C031C4U6, STM32C031C6T3, STM32C031C6T6, STM32C031C6U3, STM32C031C6U6, STM32C031F4P3, STM32C031F4P6, STM32C031F6P3, STM32C031F6P6, STM32C031G4U3, STM32C031G4U6, STM32C031G6U3, STM32C031G6U6, STM32C031K4T3, STM32C031K4T6, STM32C031K4U3, STM32C031K4U6, STM32C031K6T3, STM32C031K6T6, STM32C031K6U3, STM32C031K6U6, STM32G071K8TXN, STM32G071K8UXN, STM32G081GBU6N, STM32G081KBT6N, STM32G081KBUXN, STM32G0B1CCT6N, STM32G0B1KCT6, STM32G0B1NEY6TR, STM32G0B1RCT6N, STM32G0C1CCT6, STM32G0C1CCT6N, STM32G0C1CCU6N, STM32G0C1CET6N, STM32G0C1CEU6N, STM32G0C1KCT6, STM32G0C1NEY6TR, STM32G0C1RCI6N, STM32G0C1RCT6N, STM32G0C1REI6N, STM32G0C1RET6N, STM32G0C1VCI6, STM32G0C1VEI6, STM32G471CCT6, STM32G471CCU6, STM32G471CET3, STM32G471CET6, STM32G471CEU3, STM32G471CEU6, STM32G471MCT6, STM32G471MET3, STM32G471MET6, STM32G471MEY6TR, STM32G471QCT6, STM32G471QET3, STM32G471RCT6, STM32G471RET3, STM32G471RET6, STM32G471VCH6, STM32G471VCI6, STM32G471VCT6, STM32G471VEH3, STM32G471VEH6, STM32G471VEI3, STM32G471VEI6, STM32G471VET3, STM32G471VET6, STM32G474CCT6, STM32H503CBT6, STM32H503CBU6, STM32H503EBY6TR, STM32H503KBU6, STM32H503RBT6, STM32H562AGI6, STM32H562AII6, STM32H562IGK6, STM32H562IGT6, STM32H562IIK6, STM32H562IIT6, STM32H562RGT6, STM32H562RGV6, STM32H562RIT6, STM32H562RIV6, STM32H562VGT6, STM32H562VIT6, STM32H562ZGT6, STM32H562ZIT6, STM32H563AGI6, STM32H563AII3Q, STM32H563AII6, STM32H563IGK6, STM32H563IGT6, STM32H563IIK3Q, STM32H563IIK6, STM32H563IIT3Q, STM32H563IIT6, STM32H563MIY3QTR, STM32H563RGT6, STM32H563RGV6, STM32H563RIT6, STM32H563RIV6, STM32H563VGT6, STM32H563VIT3Q, STM32H563VIT6, STM32H563ZGT6, STM32H563ZIT3Q, STM32H563ZIT6, STM32H573AII3Q, STM32H573AII6, STM32H573I-DK, STM32H573IIK3Q, STM32H573IIK6, STM32H573IIT3Q, STM32H573IIT6, STM32H573MIY3QTR, STM32H573RIT6, STM32H573RIV6, STM32H573VIT3Q, STM32H573VIT6, STM32H573ZIT3Q, STM32H573ZIT6, STM32L4R5QGI6STR, STM32MP131AAE3, STM32MP131AAF3, STM32MP131AAG3, STM32MP131CAE3, STM32MP131CAF3, STM32MP131CAG3, STM32MP131DAE7, STM32MP131DAF7, STM32MP131DAG7, STM32MP131FAE7, STM32MP131FAF7, STM32MP131FAG7, STM32MP133AAE3, STM32MP133AAF3, STM32MP133AAG3, STM32MP133CAE3, STM32MP133CAF3, STM32MP133CAG3, STM32MP133DAE7, STM32MP133DAF7, STM32MP133DAG7, STM32MP133FAE7, STM32MP133FAF7, STM32MP133FAG7, STM32MP135AAE3, STM32MP135AAF3, STM32MP135AAG3, STM32MP135CAE3, STM32MP135CAF3, STM32MP135CAG3, STM32MP135DAE7, STM32MP135DAF7, STM32MP135DAG7, STM32MP135F-DK, STM32MP135FAE7, STM32MP135FAF7, STM32MP135FAF7T, STM32MP135FAF7U, STM32MP135FAG7, STM32U535CBT6, STM32U535CBT6Q, STM32U535CBU6, STM32U535CBU6Q, STM32U535CCT6, STM32U535CCT6Q, STM32U535CCU6, STM32U535CCU6Q, STM32U535CET6, STM32U535CET6Q, STM32U535CEU6, STM32U535CEU6Q, STM32U535JEY6QTR, STM32U535NCY6QTR, STM32U535NEY6QTR, STM32U535RBI6, STM32U535RBI6Q, STM32U535RBT6, STM32U535RBT6Q, STM32U535RCI6, STM32U535RCI6Q, STM32U535RCT6, STM32U535RCT6Q, STM32U535REI6, STM32U535REI6Q, STM32U535RET6, STM32U535RET6Q, STM32U535VCI6, STM32U535VCI6Q, STM32U535VCT6, STM32U535VCT6Q, STM32U535VEI6, STM32U535VEI6Q, STM32U535VET6, STM32U535VET6Q, STM32U545CET6, STM32U545CET6Q, STM32U545CEU6, STM32U545CEU6Q, STM32U545JEY6QTR, STM32U545NEY6QTR, STM32U545REI6, STM32U545REI6Q, STM32U545RET6, STM32U545RET6Q, STM32U545VEI6, STM32U545VEI6Q, STM32U545VET6, STM32U545VET6Q, STM32U595AIH6, STM32U595AIH6Q, STM32U595AJH6, STM32U595AJH6Q, STM32U595QII6, STM32U595QII6Q, STM32U595QJI6, STM32U595QJI6Q, STM32U595RIT6, STM32U595RIT6Q, STM32U595RJT6, STM32U595RJT6Q, STM32U595VIT6, STM32U595VIT6Q, STM32U595VJT6, STM32U595VJT6Q, STM32U595ZIT6, STM32U595ZIT6Q, STM32U595ZIY6QTR, STM32U595ZJT6, STM32U595ZJT6Q, STM32U595ZJY6QTR, STM32U599BJY6QTR, STM32U599NIH6Q, STM32U599NJH6Q, STM32U599VIT6Q, STM32U599VJT6, STM32U599VJT6Q, STM32U599ZIT6Q, STM32U599ZIY6QTR, STM32U599ZJT6Q, STM32U599ZJY6QTR, STM32U5A5AJH6, STM32U5A5AJH6Q, STM32U5A5QJI6, STM32U5A5QJI6Q, STM32U5A5RJT6, STM32U5A5RJT6Q, STM32U5A5VJT6, STM32U5A5VJT6Q, STM32U5A5ZJT6, STM32U5A5ZJT6Q, STM32U5A5ZJY6QTR, STM32U5A9BJY6QTR, STM32U5A9J-DK, STM32U5A9NJH6Q, STM32U5A9VJT6Q, STM32U5A9ZJT6Q, STM32U5A9ZJY6QTR, STM32U5F7VIT6, STM32U5F7VIT6Q, STM32U5F7VJT6, STM32U5F7VJT6Q, STM32U5F9BJY6QTR, STM32U5F9NJH6Q, STM32U5F9VIT6Q, STM32U5F9VJT6Q, STM32U5F9ZIJ6QTR, STM32U5F9ZIT6Q, STM32U5F9ZJJ6QTR, STM32U5F9ZJT6Q, STM32U5G7VJT6, STM32U5G7VJT6Q, STM32U5G9BJY6QTR, STM32U5G9J-DK1, STM32U5G9J-DK2, STM32U5G9NJH6Q, STM32U5G9VJT6Q, STM32U5G9ZJJ6QTR, STM32U5G9ZJT6Q, STM32WB1MMCH6, STM32WBA50KEU6, STM32WBA50KEU6TR, STM32WBA50KGU6, STM32WBA50KGU6TR, STM32WBA52CEU6, STM32WBA52CEU6TR, STM32WBA52CEU7, STM32WBA52CEU7TR, STM32WBA52CGU6, STM32WBA52CGU6TR, STM32WBA52CGU6U, STM32WBA52CGU7, STM32WBA52CGU7TR, STM32WBA52KEU6, STM32WBA52KEU6TR, STM32WBA52KGU6, STM32WBA52KGU6TR, STM32WBA54CEU6, STM32WBA54CEU6TR, STM32WBA54CEU7, STM32WBA54CEU7TR, STM32WBA54CGU6, STM32WBA54CGU6TR, STM32WBA54CGU7, STM32WBA54CGU7TR, STM32WBA54KEU6, STM32WBA54KEU6TR, STM32WBA54KEU7, STM32WBA54KEU7TR, STM32WBA54KGU6, STM32WBA54KGU6TR, STM32WBA54KGU7, STM32WBA54KGU7TR, STM32WBA55CEU6, STM32WBA55CEU6TR, STM32WBA55CEU7, STM32WBA55CEU7TR, STM32WBA55CGU6, STM32WBA55CGU6TR, STM32WBA55CGU6U, STM32WBA55CGU7, STM32WBA55CGU7TR, STM32WBA55G-DK1, STM32WBA55HEF6, STM32WBA55HEF7, STM32WBA55HGF6, STM32WBA55HGF7, STM32WBA55UEI6, STM32WBA55UEI6TR, STM32WBA55UEI7, STM32WBA55UEI7TR, STM32WBA55UGI6, STM32WBA55UGI6TR, STM32WBA55UGI7, STM32WBA55UGI7TR, STM32WL5MOCH6, STM32WL5MOCH6TR]
2024-03-14 16:55:01,505 [INFO] DbMcus:218 - Found 3930 MCUs, 3930 are supported
2024-03-14 16:55:01,507 [INFO] ApiDb:423 - Load user favorites file C:\Users\chayu/.stm32cubeide/favorites.mcus.txt: 0 item(s)
2024-03-14 16:55:01,507 [INFO] ApiDb:427 - User favorites MCUs=[]
2024-03-14 16:55:01,508 [INFO] DbMcus:224 - Set 0 / 0 favorites MCUs
2024-03-14 16:55:02,234 [INFO] MicroXplorer:468 - Change Database Path : 
2024-03-14 16:55:02,234 [INFO] MicroXplorer:498 - Change Database Version : DB.6.0.100
2024-03-14 16:55:02,235 [WARN] ThirdParty:833 - waiting for thirdparty lock release [change project]
2024-03-14 16:55:02,235 [INFO] ThirdParty:835 - entering critical section [change project]
2024-03-14 16:55:02,235 [INFO] ThirdParty:1030 - CMSIS Pack Vendor :STMicroelectronics USBPD 4.1
2024-03-14 16:55:02,235 [INFO] ThirdParty:1030 - CMSIS Pack Vendor :STMicroelectronics X-CUBE-GNSS1 6.0.0
2024-03-14 16:55:02,235 [INFO] ThirdParty:1030 - CMSIS Pack Vendor :STMicroelectronics USB_HOST 2.0.0
2024-03-14 16:55:02,235 [INFO] ThirdParty:1030 - CMSIS Pack Vendor :STMicroelectronics X-CUBE-AZRTOS-F4 1.1.0
2024-03-14 16:55:02,235 [INFO] ThirdParty:1030 - CMSIS Pack Vendor :STMicroelectronics LIBJPEG 8.0.0
2024-03-14 16:55:02,236 [INFO] ThirdParty:1030 - CMSIS Pack Vendor :STMicroelectronics X-CUBE-SMBUS 2.1.0
2024-03-14 16:55:02,236 [INFO] ThirdParty:1030 - CMSIS Pack Vendor :STMicroelectronics USB_DEVICE 3.0.0
2024-03-14 16:55:02,236 [INFO] ThirdParty:1030 - CMSIS Pack Vendor :STMicroelectronics X-CUBE-AZRTOS-WB 2.0.0
2024-03-14 16:55:02,236 [INFO] ThirdParty:1030 - CMSIS Pack Vendor :wolfSSL I-CUBE-wolfSSL 5.6.6
2024-03-14 16:55:02,236 [INFO] ThirdParty:1030 - CMSIS Pack Vendor :STMicroelectronics X-CUBE-TOUCHGFX 4.23.0
2024-03-14 16:55:02,236 [INFO] ThirdParty:1030 - CMSIS Pack Vendor :STMicroelectronics X-CUBE-AZRTOS-F7 1.1.0
2024-03-14 16:55:02,236 [INFO] ThirdParty:1030 - CMSIS Pack Vendor :STMicroelectronics X-CUBE-AZRTOS-L5 2.0.0
2024-03-14 16:55:02,236 [INFO] ThirdParty:1030 - CMSIS Pack Vendor :STMicroelectronics USB_DEVICE 2.0.0
2024-03-14 16:55:02,236 [INFO] ThirdParty:1030 - CMSIS Pack Vendor :STMicroelectronics X-CUBE-EEPRMA1 4.2.0
2024-03-14 16:55:02,236 [INFO] ThirdParty:1030 - CMSIS Pack Vendor :ITTIA_DB I-CUBE-ITTIADB 8.8.0
2024-03-14 16:55:02,236 [INFO] ThirdParty:1030 - CMSIS Pack Vendor :ARM CMSIS 5.9.0
2024-03-14 16:55:02,236 [INFO] ThirdParty:1030 - CMSIS Pack Vendor :STMicroelectronics FP-SNS-MOTENV1 4.3.2
2024-03-14 16:55:02,236 [INFO] ThirdParty:1030 - CMSIS Pack Vendor :ARM CMSIS-DSP 1.15.0
2024-03-14 16:55:02,236 [INFO] ThirdParty:1030 - CMSIS Pack Vendor :STMicroelectronics X-CUBE-ALGOBUILD 1.3.0
2024-03-14 16:55:02,237 [INFO] ThirdParty:1030 - CMSIS Pack Vendor :STMicroelectronics FreeRTOS 0.0.1
2024-03-14 16:55:02,237 [INFO] ThirdParty:1030 - CMSIS Pack Vendor :STMicroelectronics X-CUBE-AZRTOS-G0 1.1.0
2024-03-14 16:55:02,237 [INFO] ThirdParty:1030 - CMSIS Pack Vendor :STMicroelectronics X-CUBE-NFC4 3.0.0
2024-03-14 16:55:02,237 [INFO] ThirdParty:1030 - CMSIS Pack Vendor :STMicroelectronics X-CUBE-SUBG2 5.0.0
2024-03-14 16:55:02,237 [INFO] ThirdParty:1030 - CMSIS Pack Vendor :STMicroelectronics STM32_WPAN 1.0.0
2024-03-14 16:55:02,237 [INFO] ThirdParty:1030 - CMSIS Pack Vendor :STMicroelectronics lwIP 2.0.3
2024-03-14 16:55:02,237 [INFO] ThirdParty:1030 - CMSIS Pack Vendor :STMicroelectronics FP-SNS-FLIGHT1 5.0.2
2024-03-14 16:55:02,237 [INFO] ThirdParty:1030 - CMSIS Pack Vendor :STMicroelectronics USB_HOST 1.0.0
2024-03-14 16:55:02,237 [INFO] ThirdParty:1030 - CMSIS Pack Vendor :STMicroelectronics X-CUBE-AZRTOS-G4 2.0.0
2024-03-14 16:55:02,237 [INFO] ThirdParty:1030 - CMSIS Pack Vendor :STMicroelectronics PDM2PCM 3.1.0
2024-03-14 16:55:02,237 [INFO] ThirdParty:1030 - CMSIS Pack Vendor :Infineon AIROC-Wi-Fi-Bluetooth-STM32 1.5.1
2024-03-14 16:55:02,237 [INFO] ThirdParty:1030 - CMSIS Pack Vendor :STMicroelectronics X-CUBE-BLEMGR 3.0.0
2024-03-14 16:55:02,237 [INFO] ThirdParty:1030 - CMSIS Pack Vendor :STMicroelectronics PDM2PCM 3.3.0
2024-03-14 16:55:02,238 [INFO] ThirdParty:1030 - CMSIS Pack Vendor :STMicroelectronics X-CUBE-DISPLAY 3.0.0
2024-03-14 16:55:02,238 [INFO] ThirdParty:1030 - CMSIS Pack Vendor :STMicroelectronics FP-SNS-MOTENVWB1 1.3.1
2024-03-14 16:55:02,238 [INFO] ThirdParty:1030 - CMSIS Pack Vendor :STMicroelectronics X-CUBE-BLE1 7.0.0
2024-03-14 16:55:02,238 [INFO] ThirdParty:1030 - CMSIS Pack Vendor :STMicroelectronics FP-ATR-SIGFOX1 3.2.0
2024-03-14 16:55:02,238 [INFO] ThirdParty:1030 - CMSIS Pack Vendor :STMicroelectronics X-CUBE-ISPU 2.0.0
2024-03-14 16:55:02,238 [INFO] ThirdParty:1030 - CMSIS Pack Vendor :STMicroelectronics X-CUBE-EEPRMA1 5.1.0
2024-03-14 16:55:02,238 [INFO] ThirdParty:1030 - CMSIS Pack Vendor :STMicroelectronics HAL Drivers 0.0.0
2024-03-14 16:55:02,238 [INFO] ThirdParty:1030 - CMSIS Pack Vendor :STMicroelectronics MBEDTLS 2.16.2
2024-03-14 16:55:02,238 [INFO] ThirdParty:1030 - CMSIS Pack Vendor :emotas I-CUBE-CANOPEN 1.3.0
2024-03-14 16:55:02,238 [INFO] ThirdParty:1030 - CMSIS Pack Vendor :STMicroelectronics X-CUBE-MEMS1 10.0.0
2024-03-14 16:55:02,238 [INFO] ThirdParty:1030 - CMSIS Pack Vendor :STMicroelectronics X-CUBE-FREERTOS 1.1.0
2024-03-14 16:55:02,238 [INFO] ThirdParty:1030 - CMSIS Pack Vendor :STMicroelectronics X-CUBE-NFC7 1.0.1
2024-03-14 16:55:02,238 [INFO] ThirdParty:1030 - CMSIS Pack Vendor :STMicroelectronics MBEDTLS 2.14.1
2024-03-14 16:55:02,239 [INFO] ThirdParty:1030 - CMSIS Pack Vendor :STMicroelectronics X-CUBE-NFC6 3.0.0
2024-03-14 16:55:02,239 [INFO] ThirdParty:1030 - CMSIS Pack Vendor :portGmbH I-Cube-SoM-uGOAL 1.1.0
2024-03-14 16:55:02,239 [INFO] ThirdParty:1030 - CMSIS Pack Vendor :STMicroelectronics X-CUBE-ALS 1.0.1
2024-03-14 16:55:02,239 [INFO] ThirdParty:1030 - CMSIS Pack Vendor :STMicroelectronics X-CUBE-BLEMGR 3.1.0
2024-03-14 16:55:02,239 [INFO] ThirdParty:1030 - CMSIS Pack Vendor :STMicroelectronics ThreadX 1.0.0
2024-03-14 16:55:02,239 [INFO] ThirdParty:1030 - CMSIS Pack Vendor :STMicroelectronics FP-SNS-SMARTAG2 1.2.0
2024-03-14 16:55:02,239 [INFO] ThirdParty:1030 - CMSIS Pack Vendor :STMicroelectronics X-CUBE-AZRTOS-WL 2.0.0
2024-03-14 16:55:02,239 [INFO] ThirdParty:1030 - CMSIS Pack Vendor :SEGGER I-CUBE-embOS 1.3.1
2024-03-14 16:55:02,239 [INFO] ThirdParty:1030 - CMSIS Pack Vendor :STMicroelectronics USB_DEVICE 1.0.0
2024-03-14 16:55:02,239 [INFO] ThirdParty:1030 - CMSIS Pack Vendor :STMicroelectronics X-CUBE-AI 8.1.0
2024-03-14 16:55:02,239 [INFO] ThirdParty:1030 - CMSIS Pack Vendor :STMicroelectronics X-CUBE-AZRTOS-L4 2.0.0
2024-03-14 16:55:02,239 [INFO] ThirdParty:1030 - CMSIS Pack Vendor :STMicroelectronics ThreadX 0.0.2
2024-03-14 16:55:02,239 [INFO] ThirdParty:1030 - CMSIS Pack Vendor :WES I-CUBE-Cesium 1.3.0
2024-03-14 16:55:02,239 [INFO] ThirdParty:1030 - CMSIS Pack Vendor :STMicroelectronics FP-ATR-ASTRA1 2.0.0
2024-03-14 16:55:02,239 [INFO] ThirdParty:1030 - CMSIS Pack Vendor :STMicroelectronics lwIP 2.1.2
2024-03-14 16:55:02,240 [INFO] ThirdParty:1030 - CMSIS Pack Vendor :STMicroelectronics X-CUBE-SFXS2LP1 4.0.0
2024-03-14 16:55:02,240 [INFO] ThirdParty:1030 - CMSIS Pack Vendor :STMicroelectronics X-CUBE-BLE2 3.3.0
2024-03-14 16:55:02,240 [INFO] ThirdParty:1030 - CMSIS Pack Vendor :STMicroelectronics X-CUBE-TOF1 3.4.0
2024-03-14 16:55:02,240 [INFO] ThirdParty:1030 - CMSIS Pack Vendor :STMicroelectronics X-CUBE-AZRTOS-H7 3.2.0
2024-03-14 16:55:02,240 [INFO] ThirdParty:1030 - CMSIS Pack Vendor :STMicroelectronics PDM2PCM 3.2.0
2024-03-14 16:55:02,240 [INFO] ThirdParty:841 - exiting critical section [change project]
2024-03-14 16:55:03,393 [INFO] PinOutPanel:1499 - setPackage(No Configuration,No Configuration)
2024-03-14 16:55:03,396 [INFO] PinOutPanel:1499 - setPackage(STM32G474RETx,LQFP64)
2024-03-14 16:55:04,460 [INFO] UtilMem:75 - Before build in PCC Used Memory: 588077656 Bytes (688914432)
2024-03-14 16:55:06,303 [INFO] UtilMem:75 - After build in PCC Used Memory: 321508080 Bytes (695205888)
2024-03-14 16:55:06,383 [INFO] IPUIPlugin:80 - create IPUIPlugin
2024-03-14 16:55:06,383 [INFO] IPUIPlugin:80 - create IPUIPlugin
2024-03-14 16:55:06,384 [INFO] IPUIPlugin:80 - create IPUIPlugin
2024-03-14 16:55:06,384 [INFO] IPUIPlugin:80 - create IPUIPlugin
2024-03-14 16:55:06,384 [INFO] IPUIPlugin:80 - create IPUIPlugin
2024-03-14 16:55:06,384 [INFO] IPUIPlugin:80 - create IPUIPlugin
2024-03-14 16:55:06,384 [INFO] IPUIPlugin:80 - create IPUIPlugin
2024-03-14 16:55:06,385 [INFO] IPUIPlugin:80 - create IPUIPlugin
2024-03-14 16:55:06,385 [INFO] IPUIPlugin:80 - create IPUIPlugin
2024-03-14 16:55:06,385 [INFO] IPUIPlugin:80 - create IPUIPlugin
2024-03-14 16:55:06,385 [INFO] IPUIPlugin:80 - create IPUIPlugin
2024-03-14 16:55:06,385 [INFO] IPUIPlugin:80 - create IPUIPlugin
2024-03-14 16:55:06,386 [INFO] IPUIPlugin:80 - create IPUIPlugin
2024-03-14 16:55:06,387 [INFO] IPUIPlugin:80 - create IPUIPlugin
2024-03-14 16:55:06,388 [INFO] IPUIPlugin:80 - create IPUIPlugin
2024-03-14 16:55:06,389 [INFO] IPUIPlugin:80 - create IPUIPlugin
2024-03-14 16:55:06,390 [INFO] IPUIPlugin:80 - create IPUIPlugin
2024-03-14 16:55:06,391 [INFO] IPUIPlugin:80 - create IPUIPlugin
2024-03-14 16:55:06,392 [INFO] IPUIPlugin:80 - create IPUIPlugin
2024-03-14 16:55:06,392 [INFO] IPUIPlugin:80 - create IPUIPlugin
2024-03-14 16:55:06,393 [INFO] IPUIPlugin:80 - create IPUIPlugin
2024-03-14 16:55:06,393 [INFO] IPUIPlugin:80 - create IPUIPlugin
2024-03-14 16:55:06,393 [INFO] IPUIPlugin:80 - create IPUIPlugin
2024-03-14 16:55:06,394 [INFO] IPUIPlugin:80 - create IPUIPlugin
2024-03-14 16:55:06,394 [INFO] IPUIPlugin:80 - create IPUIPlugin
2024-03-14 16:55:06,394 [INFO] IPUIPlugin:80 - create IPUIPlugin
2024-03-14 16:55:06,395 [INFO] IPUIPlugin:80 - create IPUIPlugin
2024-03-14 16:55:06,395 [INFO] IPUIPlugin:80 - create IPUIPlugin
2024-03-14 16:55:06,396 [INFO] IPUIPlugin:80 - create IPUIPlugin
2024-03-14 16:55:06,396 [INFO] IPUIPlugin:80 - create IPUIPlugin
2024-03-14 16:55:06,396 [INFO] IPUIPlugin:80 - create IPUIPlugin
2024-03-14 16:55:06,396 [INFO] IPUIPlugin:80 - create IPUIPlugin
2024-03-14 16:55:06,397 [INFO] IPUIPlugin:80 - create IPUIPlugin
2024-03-14 16:55:06,397 [INFO] IPUIPlugin:80 - create IPUIPlugin
2024-03-14 16:55:06,398 [INFO] IPUIPlugin:80 - create IPUIPlugin
2024-03-14 16:55:06,398 [INFO] IPUIPlugin:80 - create IPUIPlugin
2024-03-14 16:55:06,399 [INFO] IPUIPlugin:80 - create IPUIPlugin
2024-03-14 16:55:06,400 [INFO] IPUIPlugin:80 - create IPUIPlugin
2024-03-14 16:55:06,400 [INFO] IPUIPlugin:80 - create IPUIPlugin
2024-03-14 16:55:06,401 [INFO] IPUIPlugin:80 - create IPUIPlugin
2024-03-14 16:55:06,401 [INFO] IPUIPlugin:80 - create IPUIPlugin
2024-03-14 16:55:06,402 [INFO] IPUIPlugin:80 - create IPUIPlugin
2024-03-14 16:55:06,402 [INFO] IPUIPlugin:80 - create IPUIPlugin
2024-03-14 16:55:06,402 [INFO] IPUIPlugin:80 - create IPUIPlugin
2024-03-14 16:55:06,403 [INFO] IPUIPlugin:80 - create IPUIPlugin
2024-03-14 16:55:06,403 [INFO] IPUIPlugin:80 - create IPUIPlugin
2024-03-14 16:55:06,404 [INFO] IPUIPlugin:80 - create IPUIPlugin
2024-03-14 16:55:06,405 [INFO] IPUIPlugin:80 - create IPUIPlugin
2024-03-14 16:55:06,406 [INFO] IPUIPlugin:80 - create IPUIPlugin
2024-03-14 16:55:06,407 [INFO] IPUIPlugin:80 - create IPUIPlugin
2024-03-14 16:55:06,408 [INFO] IPUIPlugin:80 - create IPUIPlugin
2024-03-14 16:55:06,409 [INFO] IPUIPlugin:80 - create IPUIPlugin
2024-03-14 16:55:06,410 [INFO] IPUIPlugin:80 - create IPUIPlugin
2024-03-14 16:55:06,411 [INFO] IPUIPlugin:80 - create IPUIPlugin
2024-03-14 16:55:06,412 [INFO] IPUIPlugin:80 - create IPUIPlugin
2024-03-14 16:55:06,413 [INFO] IPUIPlugin:80 - create IPUIPlugin
2024-03-14 16:55:06,413 [INFO] IPUIPlugin:80 - create IPUIPlugin
2024-03-14 16:55:06,414 [INFO] IPUIPlugin:80 - create IPUIPlugin
2024-03-14 16:55:06,414 [INFO] IPUIPlugin:80 - create IPUIPlugin
2024-03-14 16:55:06,415 [INFO] IPUIPlugin:80 - create IPUIPlugin
2024-03-14 16:55:06,415 [INFO] IPUIPlugin:80 - create IPUIPlugin
2024-03-14 16:55:06,416 [INFO] IPUIPlugin:80 - create IPUIPlugin
2024-03-14 16:55:06,416 [INFO] IPUIPlugin:80 - create IPUIPlugin
2024-03-14 16:55:06,417 [INFO] IPUIPlugin:80 - create IPUIPlugin
2024-03-14 16:55:06,418 [INFO] IPUIPlugin:80 - create IPUIPlugin
2024-03-14 16:55:06,418 [INFO] IPUIPlugin:80 - create IPUIPlugin
2024-03-14 16:55:06,419 [INFO] IPUIPlugin:80 - create IPUIPlugin
2024-03-14 16:55:06,420 [INFO] IPUIPlugin:80 - create IPUIPlugin
2024-03-14 16:55:06,421 [INFO] IPUIPlugin:80 - create IPUIPlugin
2024-03-14 16:55:06,422 [INFO] IPUIPlugin:80 - create IPUIPlugin
2024-03-14 16:55:06,423 [INFO] IPUIPlugin:80 - create IPUIPlugin
2024-03-14 16:55:06,425 [INFO] IPUIPlugin:80 - create IPUIPlugin
2024-03-14 16:55:06,426 [INFO] IPUIPlugin:80 - create IPUIPlugin
2024-03-14 16:55:06,427 [INFO] IPUIPlugin:80 - create IPUIPlugin
2024-03-14 16:55:06,428 [INFO] IPUIPlugin:80 - create IPUIPlugin
2024-03-14 16:55:06,429 [INFO] IPUIPlugin:80 - create IPUIPlugin
2024-03-14 16:55:06,430 [INFO] IPUIPlugin:80 - create IPUIPlugin
2024-03-14 16:55:06,851 [INFO] CADModel:165 - CPN selected for project levelSTM32G474RET6
2024-03-14 16:55:06,851 [INFO] CADModel:114 - Register for checkConnection events
2024-03-14 16:55:06,914 [INFO] OpenFileManager:343 - Restore cursor
2024-03-14 16:56:48,209 [INFO] UtilMem:75 - End SaveConfig() Used Memory: 422696528 Bytes (695205888)
2024-03-14 16:56:50,792 [INFO] UtilMem:75 - End SaveConfig() Used Memory: 523580880 Bytes (695205888)
2024-03-14 16:56:51,743 [INFO] BlockDiagram:2759 - set Specific Code input for plugin: TIM1_8G4
2024-03-14 16:56:51,743 [INFO] BlockDiagram:2759 - set Specific Code input for plugin: TIM1_8G4
2024-03-14 16:56:51,743 [INFO] BlockDiagram:2759 - set Specific Code input for plugin: TIM1_8G4
2024-03-14 16:56:51,744 [INFO] BlockDiagram:2759 - set Specific Code input for plugin: SYS
2024-03-14 16:56:51,744 [INFO] BlockDiagram:2759 - set Specific Code input for plugin: RCC
2024-03-14 16:56:51,744 [INFO] BlockDiagram:2759 - set Specific Code input for plugin: LPUART
2024-03-14 16:56:51,744 [INFO] BlockDiagram:2759 - set Specific Code input for plugin: NVIC
2024-03-14 16:56:51,745 [INFO] BlockDiagram:2759 - set Specific Code input for plugin: GPIO
2024-03-14 16:56:51,749 [INFO] CodeGenerator:807 - code generatio: config db path: C:\ST\STM32CubeIDE_1.14.1\STM32CubeIDE\plugins\com.st.stm32cube.common.mx_6.10.0.202311202037\\db\
2024-03-14 16:56:52,475 [INFO] CodeEngine:255 - oldGeneratedFile, C:\Users\chayu\Documents\GitHub\stu2\stu2\MXTmpFiles\license.tmp_save
2024-03-14 16:56:53,113 [INFO] CodeEngine:279 - Generated code: C:\Users\chayu\Documents\GitHub\stu2\stu2\MXTmpFiles\license.tmp
2024-03-14 16:56:53,382 [INFO] CodeEngine:255 - oldGeneratedFile, C:\Users\chayu\Documents\GitHub\stu2\stu2\MXTmpFiles\gpio.tmp_save
2024-03-14 16:56:53,681 [INFO] CodeEngine:279 - Generated code: C:\Users\chayu\Documents\GitHub\stu2\stu2\MXTmpFiles\gpio.tmp
2024-03-14 16:56:54,806 [INFO] CodeEngine:255 - oldGeneratedFile, C:\Users\chayu\Documents\GitHub\stu2\stu2\Core\Src\stm32g4xx_it.c_save
2024-03-14 16:56:55,108 [INFO] CodeEngine:279 - Generated code: C:\Users\chayu\Documents\GitHub\stu2\stu2\Core\Src\stm32g4xx_it.c
2024-03-14 16:56:55,169 [INFO] CodeEngine:255 - oldGeneratedFile, C:\Users\chayu\Documents\GitHub\stu2\stu2\Core\Inc\stm32g4xx_it.h_save
2024-03-14 16:56:55,369 [INFO] CodeEngine:279 - Generated code: C:\Users\chayu\Documents\GitHub\stu2\stu2\Core\Inc\stm32g4xx_it.h
2024-03-14 16:56:55,444 [INFO] CodeEngine:255 - oldGeneratedFile, C:\Users\chayu\Documents\GitHub\stu2\stu2\Core\Src\stm32g4xx_hal_msp.c_save
2024-03-14 16:56:55,798 [INFO] CodeEngine:279 - Generated code: C:\Users\chayu\Documents\GitHub\stu2\stu2\Core\Src\stm32g4xx_hal_msp.c
2024-03-14 16:56:55,848 [INFO] CodeEngine:255 - oldGeneratedFile, C:\Users\chayu\Documents\GitHub\stu2\stu2\MXTmpFiles\system.tmp_save
2024-03-14 16:56:56,005 [INFO] CodeEngine:279 - Generated code: C:\Users\chayu\Documents\GitHub\stu2\stu2\MXTmpFiles\system.tmp
2024-03-14 16:56:56,067 [INFO] CodeEngine:311 - oldGeneratedFile, C:\Users\chayu\Documents\GitHub\stu2\stu2\Core\Inc\stm32g4xx_hal_conf.h_save
2024-03-14 16:56:56,265 [INFO] CodeEngine:335 - Generated code: C:\Users\chayu\Documents\GitHub\stu2\stu2\Core\Inc\stm32g4xx_hal_conf.h
2024-03-14 16:56:56,326 [WARN] IPConfigManager:2946 - Warning: the RefConfig RCC_CommonPeriphClockConfig is not available in your config.xml file
2024-03-14 16:56:56,334 [WARN] IPConfigManager:3440 - IP not found : TIM
2024-03-14 16:56:56,346 [WARN] CodeGenerator:3939 - IP not found : null
2024-03-14 16:56:56,401 [INFO] CodeEngine:255 - oldGeneratedFile, C:\Users\chayu\Documents\GitHub\stu2\stu2\Core\Inc\main.h_save
2024-03-14 16:56:56,638 [INFO] CodeEngine:279 - Generated code: C:\Users\chayu\Documents\GitHub\stu2\stu2\Core\Inc\main.h
2024-03-14 16:56:56,689 [INFO] CodeEngine:255 - oldGeneratedFile, C:\Users\chayu\Documents\GitHub\stu2\stu2\Core\Src\main.c_save
2024-03-14 16:56:57,058 [INFO] CodeEngine:279 - Generated code: C:\Users\chayu\Documents\GitHub\stu2\stu2\Core\Src\main.c
2024-03-14 16:56:58,344 [INFO] ProjectBuilder:3076 - Time for Copy HAL[1] : 510mS.
2024-03-14 16:56:58,359 [INFO] ProjectBuilder:4485 - Project Generator version: 4.2.0-B44
2024-03-14 16:56:58,982 [INFO] ConfigFileManager:1495 - The Die is : DIE469
2024-03-14 16:56:59,025 [INFO] ApiDbMcu:508 - Load IP Config File for FATFS
2024-03-14 16:56:59,060 [INFO] ApiDbMcu:508 - Load IP Config File for FREERTOS
2024-03-14 16:56:59,102 [INFO] ApiDbMcu:508 - Load IP Config File for USBPD
2024-03-14 16:56:59,143 [INFO] ApiDbMcu:508 - Load IP Config File for USB_Device
2024-03-14 16:57:01,320 [INFO] LogOutputStream:77 - [STDOUT_REDIRECT] 
2024-03-14 16:57:05,233 [INFO] ProjectBuilder:4747 - Time for Generating toolchain IDE Files: 6873mS.
2024-03-14 16:57:05,235 [INFO] ProjectBuilder:2947 - Time for Copy CMSIS : 2mS.
2024-03-14 16:57:05,243 [INFO] ProjectBuilder:2947 - Time for Copy CMSIS : 0mS.
2024-03-14 17:17:27,500 [INFO] UtilMem:75 - End SaveConfig() Used Memory: 803110456 Bytes (966787072)
2024-03-14 17:17:29,387 [INFO] UtilMem:75 - End SaveConfig() Used Memory: 303560384 Bytes (966787072)
2024-03-14 17:17:31,710 [INFO] UtilMem:75 - End SaveConfig() Used Memory: 353411024 Bytes (966787072)
2024-03-14 17:17:32,242 [INFO] BlockDiagram:2759 - set Specific Code input for plugin: TIM1_8G4
2024-03-14 17:17:32,243 [INFO] BlockDiagram:2759 - set Specific Code input for plugin: TIM1_8G4
2024-03-14 17:17:32,243 [INFO] BlockDiagram:2759 - set Specific Code input for plugin: TIM1_8G4
2024-03-14 17:17:32,243 [INFO] BlockDiagram:2759 - set Specific Code input for plugin: SYS
2024-03-14 17:17:32,243 [INFO] BlockDiagram:2759 - set Specific Code input for plugin: RCC
2024-03-14 17:17:32,243 [INFO] BlockDiagram:2759 - set Specific Code input for plugin: LPUART
2024-03-14 17:17:32,244 [INFO] BlockDiagram:2759 - set Specific Code input for plugin: NVIC
2024-03-14 17:17:32,245 [INFO] BlockDiagram:2759 - set Specific Code input for plugin: GPIO
2024-03-14 17:17:32,247 [INFO] CodeGenerator:807 - code generatio: config db path: C:\ST\STM32CubeIDE_1.14.1\STM32CubeIDE\plugins\com.st.stm32cube.common.mx_6.10.0.202311202037\\db\
2024-03-14 17:17:32,697 [INFO] CodeEngine:255 - oldGeneratedFile, C:\Users\chayu\Documents\GitHub\stu2\stu2\MXTmpFiles\license.tmp_save
2024-03-14 17:17:32,904 [INFO] CodeEngine:279 - Generated code: C:\Users\chayu\Documents\GitHub\stu2\stu2\MXTmpFiles\license.tmp
2024-03-14 17:17:32,982 [INFO] CodeEngine:255 - oldGeneratedFile, C:\Users\chayu\Documents\GitHub\stu2\stu2\MXTmpFiles\gpio.tmp_save
2024-03-14 17:17:33,176 [INFO] CodeEngine:279 - Generated code: C:\Users\chayu\Documents\GitHub\stu2\stu2\MXTmpFiles\gpio.tmp
2024-03-14 17:17:33,760 [INFO] CodeEngine:255 - oldGeneratedFile, C:\Users\chayu\Documents\GitHub\stu2\stu2\Core\Src\stm32g4xx_it.c_save
2024-03-14 17:17:34,145 [INFO] CodeEngine:279 - Generated code: C:\Users\chayu\Documents\GitHub\stu2\stu2\Core\Src\stm32g4xx_it.c
2024-03-14 17:17:34,272 [INFO] CodeEngine:255 - oldGeneratedFile, C:\Users\chayu\Documents\GitHub\stu2\stu2\Core\Inc\stm32g4xx_it.h_save
2024-03-14 17:17:34,497 [INFO] CodeEngine:279 - Generated code: C:\Users\chayu\Documents\GitHub\stu2\stu2\Core\Inc\stm32g4xx_it.h
2024-03-14 17:17:34,555 [INFO] CodeEngine:255 - oldGeneratedFile, C:\Users\chayu\Documents\GitHub\stu2\stu2\Core\Src\stm32g4xx_hal_msp.c_save
2024-03-14 17:17:34,853 [INFO] CodeEngine:279 - Generated code: C:\Users\chayu\Documents\GitHub\stu2\stu2\Core\Src\stm32g4xx_hal_msp.c
2024-03-14 17:17:34,865 [INFO] CodeEngine:255 - oldGeneratedFile, C:\Users\chayu\Documents\GitHub\stu2\stu2\MXTmpFiles\system.tmp_save
2024-03-14 17:17:34,991 [INFO] CodeEngine:279 - Generated code: C:\Users\chayu\Documents\GitHub\stu2\stu2\MXTmpFiles\system.tmp
2024-03-14 17:17:35,042 [INFO] CodeEngine:311 - oldGeneratedFile, C:\Users\chayu\Documents\GitHub\stu2\stu2\Core\Inc\stm32g4xx_hal_conf.h_save
2024-03-14 17:17:35,222 [INFO] CodeEngine:335 - Generated code: C:\Users\chayu\Documents\GitHub\stu2\stu2\Core\Inc\stm32g4xx_hal_conf.h
2024-03-14 17:17:35,271 [WARN] IPConfigManager:2946 - Warning: the RefConfig RCC_CommonPeriphClockConfig is not available in your config.xml file
2024-03-14 17:17:35,275 [WARN] IPConfigManager:3440 - IP not found : TIM
2024-03-14 17:17:35,276 [WARN] CodeGenerator:3939 - IP not found : null
2024-03-14 17:17:35,305 [INFO] CodeEngine:255 - oldGeneratedFile, C:\Users\chayu\Documents\GitHub\stu2\stu2\Core\Inc\main.h_save
2024-03-14 17:17:35,460 [INFO] CodeEngine:279 - Generated code: C:\Users\chayu\Documents\GitHub\stu2\stu2\Core\Inc\main.h
2024-03-14 17:17:35,491 [INFO] CodeEngine:255 - oldGeneratedFile, C:\Users\chayu\Documents\GitHub\stu2\stu2\Core\Src\main.c_save
2024-03-14 17:17:35,775 [INFO] CodeEngine:279 - Generated code: C:\Users\chayu\Documents\GitHub\stu2\stu2\Core\Src\main.c
2024-03-14 17:17:36,877 [INFO] ProjectBuilder:3076 - Time for Copy HAL[1] : 416mS.
2024-03-14 17:17:36,887 [INFO] ProjectBuilder:4485 - Project Generator version: 4.2.0-B44
2024-03-14 17:17:37,360 [INFO] ConfigFileManager:1495 - The Die is : DIE469
2024-03-14 17:17:40,407 [INFO] ProjectBuilder:4747 - Time for Generating toolchain IDE Files: 3521mS.
2024-03-14 17:17:40,409 [INFO] ProjectBuilder:2947 - Time for Copy CMSIS : 1mS.
2024-03-14 17:17:40,419 [INFO] ProjectBuilder:2947 - Time for Copy CMSIS : 0mS.
2024-03-14 17:36:35,713 [INFO] UtilMem:75 - End SaveConfig() Used Memory: 590938568 Bytes (1056964608)
2024-03-14 17:36:36,078 [INFO] BlockDiagram:2759 - set Specific Code input for plugin: TIM1_8G4
2024-03-14 17:36:36,078 [INFO] BlockDiagram:2759 - set Specific Code input for plugin: TIM1_8G4
2024-03-14 17:36:36,078 [INFO] BlockDiagram:2759 - set Specific Code input for plugin: TIM1_8G4
2024-03-14 17:36:36,078 [INFO] BlockDiagram:2759 - set Specific Code input for plugin: SYS
2024-03-14 17:36:36,078 [INFO] BlockDiagram:2759 - set Specific Code input for plugin: RCC
2024-03-14 17:36:36,078 [INFO] BlockDiagram:2759 - set Specific Code input for plugin: LPUART
2024-03-14 17:36:36,078 [INFO] BlockDiagram:2759 - set Specific Code input for plugin: NVIC
2024-03-14 17:36:36,079 [INFO] BlockDiagram:2759 - set Specific Code input for plugin: GPIO
2024-03-14 17:36:36,080 [INFO] CodeGenerator:807 - code generatio: config db path: C:\ST\STM32CubeIDE_1.14.1\STM32CubeIDE\plugins\com.st.stm32cube.common.mx_6.10.0.202311202037\\db\
2024-03-14 17:36:36,337 [INFO] CodeEngine:255 - oldGeneratedFile, C:\Users\chayu\Documents\GitHub\stu2\stu2\MXTmpFiles\license.tmp_save
2024-03-14 17:36:36,482 [INFO] CodeEngine:279 - Generated code: C:\Users\chayu\Documents\GitHub\stu2\stu2\MXTmpFiles\license.tmp
2024-03-14 17:36:36,550 [INFO] CodeEngine:255 - oldGeneratedFile, C:\Users\chayu\Documents\GitHub\stu2\stu2\MXTmpFiles\gpio.tmp_save
2024-03-14 17:36:36,795 [INFO] CodeEngine:279 - Generated code: C:\Users\chayu\Documents\GitHub\stu2\stu2\MXTmpFiles\gpio.tmp
2024-03-14 17:36:37,182 [INFO] CodeEngine:255 - oldGeneratedFile, C:\Users\chayu\Documents\GitHub\stu2\stu2\Core\Src\stm32g4xx_it.c_save
2024-03-14 17:36:37,483 [INFO] CodeEngine:279 - Generated code: C:\Users\chayu\Documents\GitHub\stu2\stu2\Core\Src\stm32g4xx_it.c
2024-03-14 17:36:37,495 [INFO] CodeEngine:255 - oldGeneratedFile, C:\Users\chayu\Documents\GitHub\stu2\stu2\Core\Inc\stm32g4xx_it.h_save
2024-03-14 17:36:37,593 [INFO] CodeEngine:279 - Generated code: C:\Users\chayu\Documents\GitHub\stu2\stu2\Core\Inc\stm32g4xx_it.h
2024-03-14 17:36:37,630 [INFO] CodeEngine:255 - oldGeneratedFile, C:\Users\chayu\Documents\GitHub\stu2\stu2\Core\Src\stm32g4xx_hal_msp.c_save
2024-03-14 17:36:37,824 [INFO] CodeEngine:279 - Generated code: C:\Users\chayu\Documents\GitHub\stu2\stu2\Core\Src\stm32g4xx_hal_msp.c
2024-03-14 17:36:37,832 [INFO] CodeEngine:255 - oldGeneratedFile, C:\Users\chayu\Documents\GitHub\stu2\stu2\MXTmpFiles\system.tmp_save
2024-03-14 17:36:37,916 [INFO] CodeEngine:279 - Generated code: C:\Users\chayu\Documents\GitHub\stu2\stu2\MXTmpFiles\system.tmp
2024-03-14 17:36:37,948 [INFO] CodeEngine:311 - oldGeneratedFile, C:\Users\chayu\Documents\GitHub\stu2\stu2\Core\Inc\stm32g4xx_hal_conf.h_save
2024-03-14 17:36:38,085 [INFO] CodeEngine:335 - Generated code: C:\Users\chayu\Documents\GitHub\stu2\stu2\Core\Inc\stm32g4xx_hal_conf.h
2024-03-14 17:36:38,121 [WARN] IPConfigManager:2946 - Warning: the RefConfig RCC_CommonPeriphClockConfig is not available in your config.xml file
2024-03-14 17:36:38,125 [WARN] IPConfigManager:3440 - IP not found : TIM
2024-03-14 17:36:38,127 [WARN] CodeGenerator:3939 - IP not found : null
2024-03-14 17:36:38,159 [INFO] CodeEngine:255 - oldGeneratedFile, C:\Users\chayu\Documents\GitHub\stu2\stu2\Core\Inc\main.h_save
2024-03-14 17:36:38,315 [INFO] CodeEngine:279 - Generated code: C:\Users\chayu\Documents\GitHub\stu2\stu2\Core\Inc\main.h
2024-03-14 17:36:38,343 [INFO] CodeEngine:255 - oldGeneratedFile, C:\Users\chayu\Documents\GitHub\stu2\stu2\Core\Src\main.c_save
2024-03-14 17:36:38,552 [INFO] CodeEngine:279 - Generated code: C:\Users\chayu\Documents\GitHub\stu2\stu2\Core\Src\main.c
2024-03-14 17:36:39,463 [INFO] ProjectBuilder:3076 - Time for Copy HAL[1] : 327mS.
2024-03-14 17:36:39,468 [INFO] ProjectBuilder:4485 - Project Generator version: 4.2.0-B44
2024-03-14 17:36:39,720 [INFO] ConfigFileManager:1495 - The Die is : DIE469
2024-03-14 17:36:41,740 [INFO] ProjectBuilder:4747 - Time for Generating toolchain IDE Files: 2272mS.
2024-03-14 17:36:41,741 [INFO] ProjectBuilder:2947 - Time for Copy CMSIS : 1mS.
2024-03-14 17:36:41,747 [INFO] ProjectBuilder:2947 - Time for Copy CMSIS : 0mS.
