2024-03-25 14:43:05,918 [INFO] Activator:176 - 


2024-03-25 14:43:05,931 [INFO] Activator:177 - !SESSION log4j initialized
2024-03-25 14:43:16,834 [INFO] LogOutputStream:77 - [STDOUT_REDIRECT] 
2024-03-25 14:43:20,314 [INFO] ApplicationProperties:184 - Using Application install path: C:\ST\STM32CubeIDE_1.14.1\STM32CubeIDE\plugins\com.st.stm32cube.common.mx_6.10.0.202311202037
2024-03-25 14:43:20,346 [INFO] DbMcusXml:78 - Set database path to: C:\ST\STM32CubeIDE_1.14.1\STM32CubeIDE\plugins\com.st.stm32cube.common.mx_6.10.0.202311202037\\db\/mcu/
2024-03-25 14:43:20,347 [INFO] ApiDb:274 - Set plugin database path to: C:\ST\STM32CubeIDE_1.14.1\STM32CubeIDE\plugins\com.st.stm32cube.common.mx_6.10.0.202311202037\\db\/plugins/boardmanager/
2024-03-25 14:43:20,347 [WARN] ApiDb:259 - Overriding images path with different value:  => C:\ST\STM32CubeIDE_1.14.1\STM32CubeIDE\plugins\com.st.stm32cube.common.mx_6.10.0.202311202037\\db\/plugins/mcufinder/images/
2024-03-25 14:43:20,374 [INFO] ApiDb:250 - Set database path to: C:\Users\chayu\.stmcufinder\plugins\mcufinder//mcu/
2024-03-25 14:43:20,377 [INFO] DbMcusAds:125 - Set database path to: C:\Users\chayu\.stmcufinder\plugins\mcufinder//mcu/
2024-03-25 14:43:20,381 [INFO] CrossReferenceDbSqlite:203 - Set database path to: C:\Users\chayu\.stmcufinder\plugins\mcufinder//mcu/cs/
2024-03-25 14:43:20,627 [INFO] RulesReader:64 - Compatibility file has been processed (297 Rules)
2024-03-25 14:43:20,787 [INFO] DbMcusXml:78 - Set database path to: C:\ST\STM32CubeIDE_1.14.1\STM32CubeIDE\plugins\com.st.stm32cube.common.mx_6.10.0.202311202037\\db\/mcu/
2024-03-25 14:43:20,788 [INFO] ApiDb:274 - Set plugin database path to: C:\ST\STM32CubeIDE_1.14.1\STM32CubeIDE\plugins\com.st.stm32cube.common.mx_6.10.0.202311202037\\db\/plugins/boardmanager/
2024-03-25 14:43:20,788 [INFO] ApiDb:261 - Set plugin images path to: C:\ST\STM32CubeIDE_1.14.1\STM32CubeIDE\plugins\com.st.stm32cube.common.mx_6.10.0.202311202037\\db\/plugins/mcufinder/images/
2024-03-25 14:43:20,789 [WARN] DbFile:41 - Overriding database path with different value: C:\Users\chayu\.stmcufinder\plugins\mcufinder/ => C:\Users\chayu\.stmcufinder\plugins\mcufinder
2024-03-25 14:43:20,790 [INFO] ApiDb:250 - Set database path to: C:\Users\chayu\.stmcufinder\plugins\mcufinder//mcu/
2024-03-25 14:43:20,790 [WARN] DbFile:41 - Overriding database path with different value: C:\Users\chayu\.stmcufinder\plugins\mcufinder/ => C:\Users\chayu\.stmcufinder\plugins\mcufinder
2024-03-25 14:43:20,790 [INFO] DbMcusAds:125 - Set database path to: C:\Users\chayu\.stmcufinder\plugins\mcufinder//mcu/
2024-03-25 14:43:20,791 [WARN] DbFile:41 - Overriding database path with different value: C:\Users\chayu\.stmcufinder\plugins\mcufinder/ => C:\Users\chayu\.stmcufinder\plugins\mcufinder
2024-03-25 14:43:20,791 [WARN] DbFile:41 - Overriding database path with different value: C:\Users\chayu\.stmcufinder\plugins\mcufinder/ => C:\Users\chayu\.stmcufinder\plugins\mcufinder
2024-03-25 14:43:20,792 [INFO] CrossReferenceDbSqlite:203 - Set database path to: C:\Users\chayu\.stmcufinder\plugins\mcufinder//mcu/cs/
2024-03-25 14:43:20,944 [INFO] MainPanel:264 - HeapMemory: 268435456
2024-03-25 14:43:21,104 [INFO] DbMcusXml:78 - Set database path to: C:\ST\STM32CubeIDE_1.14.1\STM32CubeIDE\plugins\com.st.stm32cube.common.mx_6.10.0.202311202037\\db\/mcu/
2024-03-25 14:43:21,105 [INFO] ApiDb:274 - Set plugin database path to: C:\ST\STM32CubeIDE_1.14.1\STM32CubeIDE\plugins\com.st.stm32cube.common.mx_6.10.0.202311202037\\db\/plugins/boardmanager/
2024-03-25 14:43:21,105 [INFO] ApiDb:261 - Set plugin images path to: C:\ST\STM32CubeIDE_1.14.1\STM32CubeIDE\plugins\com.st.stm32cube.common.mx_6.10.0.202311202037\\db\/plugins/mcufinder/images/
2024-03-25 14:43:21,106 [WARN] DbFile:41 - Overriding database path with different value: C:\Users\chayu\.stmcufinder\plugins\mcufinder/ => C:\Users\chayu\.stmcufinder\plugins\mcufinder
2024-03-25 14:43:21,106 [INFO] ApiDb:250 - Set database path to: C:\Users\chayu\.stmcufinder\plugins\mcufinder//mcu/
2024-03-25 14:43:21,106 [WARN] DbFile:41 - Overriding database path with different value: C:\Users\chayu\.stmcufinder\plugins\mcufinder/ => C:\Users\chayu\.stmcufinder\plugins\mcufinder
2024-03-25 14:43:21,107 [INFO] DbMcusAds:125 - Set database path to: C:\Users\chayu\.stmcufinder\plugins\mcufinder//mcu/
2024-03-25 14:43:21,107 [WARN] DbFile:41 - Overriding database path with different value: C:\Users\chayu\.stmcufinder\plugins\mcufinder/ => C:\Users\chayu\.stmcufinder\plugins\mcufinder
2024-03-25 14:43:21,107 [WARN] DbFile:41 - Overriding database path with different value: C:\Users\chayu\.stmcufinder\plugins\mcufinder/ => C:\Users\chayu\.stmcufinder\plugins\mcufinder
2024-03-25 14:43:21,108 [INFO] CrossReferenceDbSqlite:203 - Set database path to: C:\Users\chayu\.stmcufinder\plugins\mcufinder//mcu/cs/
2024-03-25 14:43:21,141 [INFO] ApplicationProperties:184 - Using Application install path: C:\ST\STM32CubeIDE_1.14.1\STM32CubeIDE\plugins\com.st.stm32cube.common.mx_6.10.0.202311202037
2024-03-25 14:43:21,145 [INFO] PluginManage:196 - Search for loadable plugins [exclusion list=, ]
2024-03-25 14:43:21,149 [INFO] PluginManage:310 - Check plugin analytics
2024-03-25 14:43:21,483 [INFO] AnalyticsPlugin:253 - Accepted Software Licenses: STM32CubeMX.6.10.0
2024-03-25 14:43:21,483 [INFO] AnalyticsPlugin:255 - Accepted CMSIS Pack Licenses: ARM.CMSIS-DSP.1.15.0
2024-03-25 14:43:21,484 [INFO] AnalyticsPlugin:257 - Accepted Firmware Licenses: FW.G4.1.5.0
2024-03-25 14:43:21,495 [INFO] PluginManage:359 - Loaded plugin analytics (category:tool,tabindex:-1)
2024-03-25 14:43:21,495 [INFO] PluginManage:310 - Check plugin cadmodel
2024-03-25 14:43:21,519 [INFO] CADModel:105 - Init CAD model plugin
2024-03-25 14:43:21,519 [INFO] PluginManage:359 - Loaded plugin cadmodel (category:power,tabindex:5)
2024-03-25 14:43:21,520 [INFO] PluginManage:310 - Check plugin clock
2024-03-25 14:43:21,553 [INFO] PluginManage:359 - Loaded plugin clock (category:base,tabindex:2)
2024-03-25 14:43:21,553 [INFO] PluginManage:310 - Check plugin ddr
2024-03-25 14:43:21,557 [INFO] PluginManage:359 - Loaded plugin ddr (category:tool,tabindex:6)
2024-03-25 14:43:21,557 [INFO] PluginManage:310 - Check plugin filemanager
2024-03-25 14:43:21,842 [INFO] PluginManage:359 - Loaded plugin filemanager (category:base,tabindex:10)
2024-03-25 14:43:21,843 [INFO] PluginManage:310 - Check plugin ipmanager
2024-03-25 14:43:21,864 [INFO] PluginManage:359 - Loaded plugin ipmanager (category:base,tabindex:5)
2024-03-25 14:43:21,865 [INFO] PluginManage:310 - Check plugin lpbam
2024-03-25 14:43:21,896 [INFO] PluginManage:359 - Loaded plugin lpbam (category:base,tabindex:0)
2024-03-25 14:43:21,897 [INFO] PluginManage:310 - Check plugin memorymap
2024-03-25 14:43:21,938 [INFO] PluginManage:359 - Loaded plugin memorymap (category:base,tabindex:4)
2024-03-25 14:43:21,938 [INFO] PluginManage:310 - Check plugin pinoutandconfiguration
2024-03-25 14:43:21,965 [INFO] PluginManage:359 - Loaded plugin pinoutandconfiguration (category:base,tabindex:1)
2024-03-25 14:43:21,965 [INFO] PluginManage:310 - Check plugin pinoutconfig
2024-03-25 14:43:22,150 [WARN] SupportedApi:132 - Cannot load RTOS API schema: s4s-elt-must-match.1: The content of 'definitions' must match (annotation?, (simpleType | complexType)?, (unique | key | keyref)*)). A problem was found starting at: attribute.
2024-03-25 14:43:22,396 [INFO] PluginManage:359 - Loaded plugin pinoutconfig (category:base,tabindex:0)
2024-03-25 14:43:22,397 [INFO] PluginManage:310 - Check plugin power
2024-03-25 14:43:22,436 [INFO] PluginManage:359 - Loaded plugin power (category:power,tabindex:4)
2024-03-25 14:43:22,436 [INFO] PluginManage:310 - Check plugin projectmanager
2024-03-25 14:43:22,467 [INFO] PluginManage:359 - Loaded plugin projectmanager (category:projectmanager,tabindex:3)
2024-03-25 14:43:22,468 [INFO] PluginManage:310 - Check plugin thirdparty
2024-03-25 14:43:22,973 [INFO] PluginManage:359 - Loaded plugin thirdparty (category:base,tabindex:-1)
2024-03-25 14:43:22,973 [WARN] IntegrityCheckThread:84 - waiting for thirdparty lock release [integrity check]
2024-03-25 14:43:22,973 [INFO] PluginManage:310 - Check plugin tools
2024-03-25 14:43:22,973 [INFO] IntegrityCheckThread:86 - entering critical section [integrity check]
2024-03-25 14:43:22,974 [INFO] ThirdPartyUpdaterWithRetryManager:70 - Updater plugin not ready yet. [1/15]
2024-03-25 14:43:23,030 [INFO] PluginManage:359 - Loaded plugin tools (category:base,tabindex:7)
2024-03-25 14:43:23,031 [INFO] PluginManage:310 - Check plugin tutovideos
2024-03-25 14:43:23,391 [INFO] PluginManage:359 - Loaded plugin tutovideos (category:base,tabindex:-1)
2024-03-25 14:43:23,391 [INFO] PluginManage:310 - Check plugin updater
2024-03-25 14:43:23,413 [INFO] PluginManage:359 - Loaded plugin updater (category:base,tabindex:12)
2024-03-25 14:43:23,413 [INFO] PluginManage:310 - Check plugin userauth
2024-03-25 14:43:23,422 [INFO] UserAuth:114 - Init User Auth plugin
2024-03-25 14:43:23,423 [INFO] PluginManage:359 - Loaded plugin userauth (category:base,tabindex:14)
2024-03-25 14:43:23,423 [INFO] PluginManage:283 - PluginManage : Loaded plugins [17]
2024-03-25 14:43:23,828 [INFO] PinOutPanel:1499 - setPackage(No Configuration,No Configuration)
2024-03-25 14:43:23,972 [INFO] CADModel:165 - CPN selected for project level
2024-03-25 14:43:23,972 [INFO] CADModel:114 - Register for checkConnection events
2024-03-25 14:43:24,018 [INFO] IPUIPlugin:80 - create IPUIPlugin
2024-03-25 14:43:24,018 [INFO] PluginManager:220 - loadIPPluginJar : add adc
2024-03-25 14:43:24,078 [INFO] IPUIPlugin:80 - create IPUIPlugin
2024-03-25 14:43:24,079 [INFO] PluginManager:220 - loadIPPluginJar : add aes
2024-03-25 14:43:24,145 [INFO] IPUIPlugin:80 - create IPUIPlugin
2024-03-25 14:43:24,145 [INFO] PluginManager:220 - loadIPPluginJar : add can
2024-03-25 14:43:24,188 [INFO] IPUIPlugin:80 - create IPUIPlugin
2024-03-25 14:43:24,188 [INFO] PluginManager:220 - loadIPPluginJar : add comp
2024-03-25 14:43:24,242 [INFO] IPUIPlugin:80 - create IPUIPlugin
2024-03-25 14:43:24,243 [INFO] PluginManager:220 - loadIPPluginJar : add cryp
2024-03-25 14:43:24,295 [INFO] IPUIPlugin:80 - create IPUIPlugin
2024-03-25 14:43:24,295 [INFO] PluginManager:220 - loadIPPluginJar : add dfsdm
2024-03-25 14:43:24,375 [INFO] IPUIPlugin:80 - create IPUIPlugin
2024-03-25 14:43:24,376 [INFO] PluginManager:220 - loadIPPluginJar : add dma
2024-03-25 14:43:24,447 [INFO] IPUIPlugin:80 - create IPUIPlugin
2024-03-25 14:43:24,447 [INFO] PluginManager:220 - loadIPPluginJar : add dma3
2024-03-25 14:43:24,484 [INFO] IPUIPlugin:80 - create IPUIPlugin
2024-03-25 14:43:24,485 [INFO] PluginManager:220 - loadIPPluginJar : add fatfs
2024-03-25 14:43:24,584 [INFO] IPUIPlugin:80 - create IPUIPlugin
2024-03-25 14:43:24,584 [INFO] PluginManager:220 - loadIPPluginJar : add fmc
2024-03-25 14:43:24,612 [INFO] IPUIPlugin:80 - create IPUIPlugin
2024-03-25 14:43:24,613 [INFO] PluginManager:220 - loadIPPluginJar : add freertos
2024-03-25 14:43:24,647 [INFO] IPUIPlugin:80 - create IPUIPlugin
2024-03-25 14:43:24,647 [INFO] PluginManager:220 - loadIPPluginJar : add genericplugin
2024-03-25 14:43:24,836 [INFO] IPUIPlugin:80 - create IPUIPlugin
2024-03-25 14:43:24,837 [INFO] PluginManager:220 - loadIPPluginJar : add gfxmmu
2024-03-25 14:43:25,079 [INFO] IPUIPlugin:80 - create IPUIPlugin
2024-03-25 14:43:25,080 [INFO] PluginManager:220 - loadIPPluginJar : add gic
2024-03-25 14:43:25,109 [INFO] IPUIPlugin:80 - create IPUIPlugin
2024-03-25 14:43:25,109 [INFO] PluginManager:220 - loadIPPluginJar : add gpio
2024-03-25 14:43:25,264 [INFO] IPUIPlugin:80 - create IPUIPlugin
2024-03-25 14:43:25,265 [INFO] PluginManager:220 - loadIPPluginJar : add gtzc
2024-03-25 14:43:25,330 [INFO] IPUIPlugin:80 - create IPUIPlugin
2024-03-25 14:43:25,330 [INFO] PluginManager:220 - loadIPPluginJar : add hash
2024-03-25 14:43:25,420 [INFO] IPUIPlugin:80 - create IPUIPlugin
2024-03-25 14:43:25,421 [INFO] PluginManager:220 - loadIPPluginJar : add i2c
2024-03-25 14:43:25,494 [INFO] IPUIPlugin:80 - create IPUIPlugin
2024-03-25 14:43:25,494 [INFO] PluginManager:220 - loadIPPluginJar : add i2s
2024-03-25 14:43:25,562 [INFO] IPUIPlugin:80 - create IPUIPlugin
2024-03-25 14:43:25,563 [INFO] PluginManager:220 - loadIPPluginJar : add i3c
2024-03-25 14:43:25,753 [INFO] IPUIPlugin:80 - create IPUIPlugin
2024-03-25 14:43:25,753 [INFO] PluginManager:220 - loadIPPluginJar : add ipddr
2024-03-25 14:43:25,939 [INFO] IPUIPlugin:80 - create IPUIPlugin
2024-03-25 14:43:25,939 [INFO] PluginManager:220 - loadIPPluginJar : add linkedlist
2024-03-25 14:43:25,977 [INFO] ThirdPartyUpdaterWithRetryManager:70 - Updater plugin not ready yet. [2/15]
2024-03-25 14:43:26,031 [INFO] IPUIPlugin:80 - create IPUIPlugin
2024-03-25 14:43:26,031 [INFO] PluginManager:220 - loadIPPluginJar : add lorawan
2024-03-25 14:43:26,111 [INFO] IPUIPlugin:80 - create IPUIPlugin
2024-03-25 14:43:26,112 [INFO] PluginManager:220 - loadIPPluginJar : add ltdc
2024-03-25 14:43:26,147 [INFO] IPUIPlugin:80 - create IPUIPlugin
2024-03-25 14:43:26,147 [INFO] PluginManager:220 - loadIPPluginJar : add mdma
2024-03-25 14:43:26,168 [INFO] IPUIPlugin:80 - create IPUIPlugin
2024-03-25 14:43:26,168 [INFO] PluginManager:220 - loadIPPluginJar : add nvic
2024-03-25 14:43:26,232 [INFO] IPUIPlugin:80 - create IPUIPlugin
2024-03-25 14:43:26,233 [INFO] PluginManager:220 - loadIPPluginJar : add opamp
2024-03-25 14:43:26,351 [INFO] IPUIPlugin:80 - create IPUIPlugin
2024-03-25 14:43:26,351 [INFO] PluginManager:220 - loadIPPluginJar : add openamp
2024-03-25 14:43:26,435 [INFO] IPUIPlugin:80 - create IPUIPlugin
2024-03-25 14:43:26,435 [INFO] PluginManager:220 - loadIPPluginJar : add pdm2pcm
2024-03-25 14:43:26,459 [INFO] IPUIPlugin:80 - create IPUIPlugin
2024-03-25 14:43:26,464 [INFO] PluginManager:220 - loadIPPluginJar : add plateformsettings
2024-03-25 14:43:26,513 [INFO] IPUIPlugin:80 - create IPUIPlugin
2024-03-25 14:43:26,513 [INFO] PluginManager:220 - loadIPPluginJar : add quadspi
2024-03-25 14:43:26,543 [INFO] IPUIPlugin:80 - create IPUIPlugin
2024-03-25 14:43:26,544 [INFO] PluginManager:220 - loadIPPluginJar : add resmgrutility
2024-03-25 14:43:26,623 [INFO] IPUIPlugin:80 - create IPUIPlugin
2024-03-25 14:43:26,623 [INFO] PluginManager:220 - loadIPPluginJar : add sai
2024-03-25 14:43:26,690 [INFO] IPUIPlugin:80 - create IPUIPlugin
2024-03-25 14:43:26,690 [INFO] PluginManager:220 - loadIPPluginJar : add spi
2024-03-25 14:43:26,832 [INFO] IPUIPlugin:80 - create IPUIPlugin
2024-03-25 14:43:26,832 [INFO] PluginManager:220 - loadIPPluginJar : add stm32_wpan
2024-03-25 14:43:26,883 [INFO] IPUIPlugin:80 - create IPUIPlugin
2024-03-25 14:43:26,883 [INFO] PluginManager:220 - loadIPPluginJar : add tim
2024-03-25 14:43:26,977 [INFO] IPUIPlugin:80 - create IPUIPlugin
2024-03-25 14:43:26,977 [INFO] PluginManager:220 - loadIPPluginJar : add touchsensing
2024-03-25 14:43:27,016 [INFO] IPUIPlugin:80 - create IPUIPlugin
2024-03-25 14:43:27,016 [INFO] PluginManager:220 - loadIPPluginJar : add tracer_emb
2024-03-25 14:43:27,055 [INFO] IPUIPlugin:80 - create IPUIPlugin
2024-03-25 14:43:27,055 [INFO] PluginManager:220 - loadIPPluginJar : add ts
2024-03-25 14:43:27,103 [INFO] IPUIPlugin:80 - create IPUIPlugin
2024-03-25 14:43:27,103 [INFO] PluginManager:220 - loadIPPluginJar : add tsc
2024-03-25 14:43:27,143 [INFO] IPUIPlugin:80 - create IPUIPlugin
2024-03-25 14:43:27,143 [INFO] PluginManager:220 - loadIPPluginJar : add ucpd
2024-03-25 14:43:27,234 [INFO] IPUIPlugin:80 - create IPUIPlugin
2024-03-25 14:43:27,234 [INFO] PluginManager:220 - loadIPPluginJar : add usart
2024-03-25 14:43:27,312 [INFO] IPUIPlugin:80 - create IPUIPlugin
2024-03-25 14:43:27,312 [INFO] PluginManager:220 - loadIPPluginJar : add usbx
2024-03-25 14:43:27,516 [INFO] CADModel:165 - CPN selected for project level
2024-03-25 14:43:27,516 [INFO] CADModel:114 - Register for checkConnection events
2024-03-25 14:43:27,516 [FATAL] Updater:308 - Updater called before beeing initialized
2024-03-25 14:43:27,517 [ERROR] CADModel:125 - Updater not yet initialized, retry later 
2024-03-25 14:43:27,818 [INFO] CADModel:165 - CPN selected for project level
2024-03-25 14:43:27,818 [INFO] CADModel:114 - Register for checkConnection events
2024-03-25 14:43:27,819 [FATAL] Updater:308 - Updater called before beeing initialized
2024-03-25 14:43:27,819 [ERROR] CADModel:125 - Updater not yet initialized, retry later 
2024-03-25 14:43:27,824 [FATAL] Updater:308 - Updater called before beeing initialized
2024-03-25 14:43:28,040 [FATAL] Updater:308 - Updater called before beeing initialized
2024-03-25 14:43:28,058 [INFO] DbMcusAds:53 - JSON generation date=Wed Nov 29 17:52:27 ICT 2023 (1701255147349)
2024-03-25 14:43:28,058 [FATAL] Updater:308 - Updater called before beeing initialized
2024-03-25 14:43:28,188 [WARN] DetailPanel:346 - Failed to get advertising image, set to default
2024-03-25 14:43:28,376 [FATAL] Updater:308 - Updater called before beeing initialized
2024-03-25 14:43:28,380 [FATAL] Updater:308 - Updater called before beeing initialized
2024-03-25 14:43:28,381 [FATAL] Updater:308 - Updater called before beeing initialized
2024-03-25 14:43:28,381 [WARN] DetailPanel:346 - Failed to get advertising image, set to default
2024-03-25 14:43:28,383 [FATAL] Updater:308 - Updater called before beeing initialized
2024-03-25 14:43:28,518 [ERROR] Updater:1120 - MainUpdater not yet initialized. External WinMGr cannot be set.
2024-03-25 14:43:28,536 [INFO] Updater:1056 - Updater Version found : 6.10.0
2024-03-25 14:43:28,566 [INFO] ApplicationProperties:184 - Using Application install path: C:\ST\STM32CubeIDE_1.14.1\STM32CubeIDE\plugins\com.st.stm32cube.common.mx_6.10.0.202311202037
2024-03-25 14:43:28,979 [INFO] ThirdPartyUpdaterWithRetryManager:70 - Updater plugin not ready yet. [3/15]
2024-03-25 14:43:29,570 [INFO] MainUpdater:2873 - connection check result : 10
2024-03-25 14:43:29,571 [INFO] MainUpdater:3567 - Updater definition file requires update
2024-03-25 14:43:29,574 [INFO] MainUpdater:290 - Updater Check For Update Now.
2024-03-25 14:43:29,575 [INFO] MicroXplorer:498 - Change Database Version : DB.6.0.100
2024-03-25 14:43:29,620 [INFO] McuFinderGlobals:63 - Set McuFinder mode to 2 (CubeIDE integrated)
2024-03-25 14:43:29,810 [INFO] ServerAccessManage:473 - Download File updaters.zip
2024-03-25 14:43:30,032 [INFO] FileExtend:240 - Unzip File : updaters.zip
2024-03-25 14:43:30,033 [INFO] FileExtend:255 - Standard Zip Deflate
2024-03-25 14:43:30,528 [INFO] UserAuth:404 - Internet connection configuration mode: 1
2024-03-25 14:43:30,588 [INFO] JxBrowserEngine:152 - Initiate JxBrowser Engine with user profile folder
2024-03-25 14:43:31,033 [INFO] ServerAccessManage:473 - Download File PacksControlFlags.xml
2024-03-25 14:43:31,337 [INFO] ServerAccessManage:473 - Download File cubemx.pidx
2024-03-25 14:43:31,980 [WARN] MainUpdater:1194 - Updater busy. Cannot search thirdparties
2024-03-25 14:43:31,981 [INFO] ThirdPartyUpdaterWithRetryManager:96 - Updater plugin is busy. [1/15]
2024-03-25 14:43:33,284 [INFO] ServerAccessManage:473 - Download File STMicroelectronics.X-CUBE-NFC6.pdsc
2024-03-25 14:43:34,717 [INFO] ServerAccessManage:473 - Download File STMicroelectronics.X-CUBE-TOF1.pdsc
2024-03-25 14:43:34,984 [WARN] MainUpdater:1194 - Updater busy. Cannot search thirdparties
2024-03-25 14:43:34,984 [INFO] ThirdPartyUpdaterWithRetryManager:96 - Updater plugin is busy. [2/15]
2024-03-25 14:43:36,854 [INFO] WebApp:161 - Instantiating new browser for Auth
2024-03-25 14:43:37,984 [WARN] MainUpdater:1194 - Updater busy. Cannot search thirdparties
2024-03-25 14:43:37,984 [INFO] ThirdPartyUpdaterWithRetryManager:96 - Updater plugin is busy. [3/15]
2024-03-25 14:43:38,131 [INFO] WebApp:780 - Register for checkConnection events
2024-03-25 14:43:38,132 [INFO] WebApp:414 - Apply proxy settings
2024-03-25 14:43:38,132 [INFO] WebApp:499 - Chromium requires no authentication
2024-03-25 14:43:38,148 [INFO] WebApp:442 - Direct internet connection detected
2024-03-25 14:43:38,743 [INFO] WebApp:192 - Starting web application
2024-03-25 14:43:38,744 [INFO] WebApp:544 - Web application path used C:\ST\STM32CubeIDE_1.14.1\STM32CubeIDE\plugins\com.st.stm32cube.common.mx_6.10.0.202311202037\db\plugins\mcufinder\reactClient1\index.html
2024-03-25 14:43:40,985 [WARN] MainUpdater:1194 - Updater busy. Cannot search thirdparties
2024-03-25 14:43:40,986 [INFO] ThirdPartyUpdaterWithRetryManager:96 - Updater plugin is busy. [4/15]
2024-03-25 14:43:41,988 [ERROR] ServerAccessManage:1089 - Problem, file not found on Server
2024-03-25 14:43:43,987 [WARN] MainUpdater:1194 - Updater busy. Cannot search thirdparties
2024-03-25 14:43:43,987 [INFO] ThirdPartyUpdaterWithRetryManager:96 - Updater plugin is busy. [5/15]
2024-03-25 14:43:44,128 [WARN] PackLoader:240 - Cannot read IP mode file for STMicroelectronics.X-CUBE-NFC6.3.1.0
2024-03-25 14:43:44,187 [WARN] PackLoader:240 - Cannot read IP mode file for STMicroelectronics.X-CUBE-TOF1.3.4.1
2024-03-25 14:43:44,228 [INFO] PopulateThirdPartyThread:66 - Ending populate Thread
2024-03-25 14:43:44,230 [INFO] ThirdParty:1030 - CMSIS Pack Vendor :STMicroelectronics X-CUBE-TOF1 3.4.1
2024-03-25 14:43:44,231 [INFO] ThirdParty:1030 - CMSIS Pack Vendor :STMicroelectronics X-CUBE-NFC6 3.1.0
2024-03-25 14:43:44,231 [INFO] LoadServerUpdatesThread:375 - End of LoadServerUpdate Thread
2024-03-25 14:43:44,305 [INFO] CheckServerUpdateThread:120 - End of CheckServer Thread
2024-03-25 14:43:47,366 [WARN] PackLoader:240 - Cannot read IP mode file for STMicroelectronics.X-CUBE-SMBUS.2.1.0
2024-03-25 14:43:47,389 [WARN] PackLoader:240 - Cannot read IP mode file for STMicroelectronics.X-CUBE-TOUCHGFX.4.23.0
2024-03-25 14:43:47,448 [WARN] PackLoader:240 - Cannot read IP mode file for STMicroelectronics.X-CUBE-AZRTOS-F7.1.1.0
2024-03-25 14:43:47,479 [WARN] PackLoader:240 - Cannot read IP mode file for STMicroelectronics.FP-SNS-MOTENV1.4.3.2
2024-03-25 14:43:47,509 [WARN] PackLoader:240 - Cannot read IP mode file for STMicroelectronics.FP-SNS-FLIGHT1.5.0.2
2024-03-25 14:43:47,538 [WARN] PackLoader:240 - Cannot read IP mode file for STMicroelectronics.X-CUBE-DISPLAY.3.0.0
2024-03-25 14:43:47,576 [WARN] PackLoader:240 - Cannot read IP mode file for STMicroelectronics.X-CUBE-BLE1.7.0.0
2024-03-25 14:43:47,605 [WARN] PackLoader:240 - Cannot read IP mode file for emotas.I-CUBE-CANOPEN.1.3.0
2024-03-25 14:43:47,646 [WARN] PackLoader:240 - Cannot read IP mode file for STMicroelectronics.X-CUBE-BLEMGR.3.1.0
2024-03-25 14:43:47,681 [WARN] PackLoader:240 - Cannot read IP mode file for STMicroelectronics.FP-SNS-SMARTAG2.1.2.0
2024-03-25 14:43:47,727 [INFO] LogOutputStream:77 - [STDOUT_REDIRECT] 1 : Invalid condition id : UX_CORESTACK_Condition cause : null
2024-03-25 14:43:47,728 [INFO] LogOutputStream:77 - [STDOUT_REDIRECT] 1 : Invalid condition id : UX_CORESTACK_Condition cause : null
2024-03-25 14:43:47,731 [INFO] LogOutputStream:77 - [STDOUT_REDIRECT] 1 : Invalid condition id : UX_CORESTACK_Condition cause : null
2024-03-25 14:43:47,734 [INFO] LogOutputStream:77 - [STDOUT_REDIRECT] 1 : Invalid condition id : UX_CORESTACK_Condition cause : null
2024-03-25 14:43:47,736 [INFO] LogOutputStream:77 - [STDOUT_REDIRECT] 1 : Invalid condition id : UX_CORESTACK_Condition cause : null
2024-03-25 14:43:47,744 [WARN] PackLoader:240 - Cannot read IP mode file for STMicroelectronics.X-CUBE-AZRTOS-WL.2.0.0
2024-03-25 14:43:47,784 [WARN] PackLoader:240 - Cannot read IP mode file for WES.I-CUBE-Cesium.1.3.0
2024-03-25 14:43:47,808 [WARN] PackLoader:240 - Cannot read IP mode file for STMicroelectronics.X-CUBE-BLE2.3.3.0
2024-03-25 14:43:48,056 [WARN] PackLoader:240 - Cannot read IP mode file for STMicroelectronics.X-CUBE-ALGOBUILD.1.3.0
2024-03-25 14:43:48,122 [WARN] PackLoader:240 - Cannot read IP mode file for STMicroelectronics.X-CUBE-AZRTOS-G0.1.1.0
2024-03-25 14:43:48,152 [WARN] PackLoader:240 - Cannot read IP mode file for STMicroelectronics.X-CUBE-NFC4.3.0.0
2024-03-25 14:43:48,183 [WARN] PackLoader:240 - Cannot read IP mode file for STMicroelectronics.X-CUBE-BLEMGR.3.0.0
2024-03-25 14:43:48,196 [WARN] PackLoader:240 - Cannot read IP mode file for STMicroelectronics.FP-ATR-SIGFOX1.3.2.0
2024-03-25 14:43:48,224 [WARN] PackLoader:240 - Cannot read IP mode file for STMicroelectronics.X-CUBE-EEPRMA1.5.1.0
2024-03-25 14:43:48,283 [WARN] PackLoader:240 - Cannot read IP mode file for SEGGER.I-CUBE-embOS.1.3.1
2024-03-25 14:43:48,371 [WARN] PackLoader:240 - Cannot read IP mode file for STMicroelectronics.X-CUBE-GNSS1.6.0.0
2024-03-25 14:43:48,434 [WARN] PackLoader:240 - Cannot read IP mode file for STMicroelectronics.X-CUBE-AZRTOS-F4.1.1.0
2024-03-25 14:43:48,461 [WARN] PackLoader:240 - Cannot read IP mode file for wolfSSL.I-CUBE-wolfSSL.5.6.6
2024-03-25 14:43:48,509 [WARN] PackLoader:240 - Cannot read IP mode file for STMicroelectronics.X-CUBE-AZRTOS-L5.2.0.0
2024-03-25 14:43:48,539 [WARN] PackLoader:240 - Cannot read IP mode file for STMicroelectronics.X-CUBE-EEPRMA1.4.2.0
2024-03-25 14:43:48,557 [WARN] PackLoader:240 - Cannot read IP mode file for STMicroelectronics.X-CUBE-NFC6.3.1.0
2024-03-25 14:43:48,583 [WARN] PackLoader:240 - Cannot read IP mode file for ITTIA_DB.I-CUBE-ITTIADB.8.8.0
2024-03-25 14:43:48,673 [WARN] PackLoader:240 - Cannot read IP mode file for STMicroelectronics.X-CUBE-NFC7.1.0.1
2024-03-25 14:43:48,702 [WARN] PackLoader:240 - Cannot read IP mode file for STMicroelectronics.X-CUBE-NFC6.3.0.0
2024-03-25 14:43:48,729 [WARN] PackLoader:240 - Cannot read IP mode file for STMicroelectronics.X-CUBE-AI.8.1.0
2024-03-25 14:43:48,801 [WARN] ConditionMgr:438 - getConditionDescription Invalid condition id : LAN8742 Phy interface Condition cause : null
2024-03-25 14:43:48,803 [WARN] PackLoader:240 - Cannot read IP mode file for STMicroelectronics.X-CUBE-AZRTOS-L4.2.0.0
2024-03-25 14:43:48,807 [WARN] ConditionMgr:1039 - genDependencies : Invalid condition id : LAN8742 Phy interface Condition cause : null
2024-03-25 14:43:48,808 [WARN] ConditionMgr:1039 - genDependencies : Invalid condition id : LAN8742 Phy interface Condition cause : null
2024-03-25 14:43:48,809 [WARN] ConditionMgr:1039 - genDependencies : Invalid condition id : LAN8742 Phy interface Condition cause : null
2024-03-25 14:43:48,839 [WARN] PackLoader:240 - Cannot read IP mode file for STMicroelectronics.X-CUBE-SFXS2LP1.4.0.0
2024-03-25 14:43:48,890 [WARN] ConditionMgr:438 - getConditionDescription Invalid condition id : UX DEVICE CLASS RTOS Condition cause : null
2024-03-25 14:43:48,891 [WARN] ConditionMgr:438 - getConditionDescription Invalid condition id : UX DEVICE CLASS RTOS Condition cause : null
2024-03-25 14:43:48,894 [WARN] PackLoader:240 - Cannot read IP mode file for STMicroelectronics.X-CUBE-AZRTOS-WB.2.0.0
2024-03-25 14:43:48,895 [WARN] ConditionMgr:1039 - genDependencies : Invalid condition id : UX DEVICE CLASS RTOS Condition cause : null
2024-03-25 14:43:48,896 [WARN] ConditionMgr:1039 - genDependencies : Invalid condition id : UX DEVICE CLASS RTOS Condition cause : null
2024-03-25 14:43:48,897 [WARN] ConditionMgr:1039 - genDependencies : Invalid condition id : UX DEVICE CLASS RTOS Condition cause : null
2024-03-25 14:43:48,898 [WARN] ConditionMgr:1039 - genDependencies : Invalid condition id : UX DEVICE CLASS RTOS Condition cause : null
2024-03-25 14:43:48,898 [WARN] ConditionMgr:1039 - genDependencies : Invalid condition id : UX DEVICE CLASS RTOS Condition cause : null
2024-03-25 14:43:48,933 [WARN] PackLoader:240 - Cannot read IP mode file for STMicroelectronics.X-CUBE-SUBG2.5.0.0
2024-03-25 14:43:48,988 [WARN] PackLoader:240 - Cannot read IP mode file for STMicroelectronics.X-CUBE-AZRTOS-G4.2.0.0
2024-03-25 14:43:49,026 [WARN] PackLoader:240 - Cannot read IP mode file for Infineon.AIROC-Wi-Fi-Bluetooth-STM32.1.5.1
2024-03-25 14:43:49,052 [WARN] PackLoader:240 - Cannot read IP mode file for STMicroelectronics.FP-SNS-MOTENVWB1.1.3.1
2024-03-25 14:43:49,073 [WARN] PackLoader:240 - Cannot read IP mode file for STMicroelectronics.X-CUBE-ISPU.2.0.0
2024-03-25 14:43:49,162 [WARN] PackLoader:240 - Cannot read IP mode file for STMicroelectronics.X-CUBE-MEMS1.10.0.0
2024-03-25 14:43:49,411 [WARN] PackLoader:240 - Cannot read IP mode file for STMicroelectronics.X-CUBE-FREERTOS.1.1.0
2024-03-25 14:43:49,438 [WARN] PackLoader:240 - Cannot read IP mode file for portGmbH.I-Cube-SoM-uGOAL.1.1.0
2024-03-25 14:43:49,458 [WARN] PackLoader:240 - Cannot read IP mode file for STMicroelectronics.X-CUBE-ALS.1.0.1
2024-03-25 14:43:49,469 [WARN] PackLoader:240 - Cannot read IP mode file for STMicroelectronics.FP-ATR-ASTRA1.2.0.0
2024-03-25 14:43:49,504 [WARN] PackLoader:240 - Cannot read IP mode file for STMicroelectronics.X-CUBE-TOF1.3.4.0
2024-03-25 14:43:49,537 [WARN] PackLoader:240 - Cannot read IP mode file for STMicroelectronics.X-CUBE-TOF1.3.4.1
2024-03-25 14:43:49,609 [WARN] PackLoader:240 - Cannot read IP mode file for STMicroelectronics.X-CUBE-AZRTOS-H7.3.2.0
2024-03-25 14:43:49,614 [INFO] ThirdParty:978 - Integrity check success = true
2024-03-25 14:43:49,615 [INFO] IntegrityCheckThread:100 - exiting critical section [integrity check]
2024-03-25 14:43:49,615 [INFO] IntegrityCheckThread:103 - End integrity checks thread
2024-03-25 14:44:00,463 [ERROR] LogOutputStream:75 - [STDERR_REDIRECT] SLF4J: Failed to load class "org.slf4j.impl.StaticLoggerBinder".
2024-03-25 14:44:00,464 [ERROR] LogOutputStream:75 - [STDERR_REDIRECT] SLF4J: Defaulting to no-operation (NOP) logger implementation
2024-03-25 14:44:00,467 [ERROR] LogOutputStream:75 - [STDERR_REDIRECT] SLF4J: See http://www.slf4j.org/codes.html#StaticLoggerBinder for further details.
2024-03-25 14:45:19,466 [INFO] McuFinderGlobals:63 - Set McuFinder mode to 2 (CubeIDE integrated)
2024-03-25 14:45:19,513 [INFO] MainUpdater:2873 - connection check result : 10
2024-03-25 14:45:19,557 [INFO] McuFinderGlobals:76 - Set McuFinderConnectedMode to true
2024-03-25 14:45:20,051 [INFO] ServerAccessManage:473 - Download File mcusAds.json._tmp_
2024-03-25 14:45:20,182 [INFO] LoadUrlFilesThread:156 - End of LoadUrlFiles Thread
2024-03-25 14:45:20,604 [INFO] ServerAccessManage:473 - Download File cube-finder-db.zip
2024-03-25 14:45:45,541 [ERROR] ServerAccessManage:651 - User Cancel Download : cube-finder-db.zip.
2024-03-25 14:45:45,648 [INFO] LoadUrlFilesThread:156 - End of LoadUrlFiles Thread
2024-03-25 14:45:46,815 [INFO] DbMcusAds:53 - JSON generation date=Wed Nov 29 17:52:27 ICT 2023 (1701255147349)
2024-03-25 14:45:46,861 [ERROR] TargetSelectorAdapter:267 - Unable to refresh data
2024-03-25 14:45:47,745 [INFO] ApiDb:581 - Connected to CubeFinder SQLite database (C:\Users\chayu\.stmcufinder\plugins\mcufinder\mcu\cube-finder-db.db)
2024-03-25 14:45:47,959 [INFO] ApiDb:668 - CubeFinder database Data Model version=2.1
2024-03-25 14:45:47,959 [INFO] ApiDb:669 - CubeFinder database Configuration version=3.0.39
2024-03-25 14:45:47,960 [INFO] ApiDb:670 - CubeFinder database generation date=2024-03-01 (1709305525)
2024-03-25 14:45:47,960 [INFO] ApiDb:671 - CubeFinder database FW Pack versions=[FP-ATR-ASTRA1_V2.0.0, FP-SNS-FLIGHT1_V5.0.1, FP-SNS-FLIGHT1_V5.0.2, FP-SNS-MOTENV1_V4.3.1, FP-SNS-MOTENV1_V4.3.2, FP-SNS-MOTENVWB1_V1.3.1, FP-SNS-SMARTAG2_V1.2.0, STM32Cube_FW_C0_V1.1.0, STM32Cube_FW_F4_V1.28.0, STM32Cube_FW_F7_V1.17.0, STM32Cube_FW_G0_V1.6.2, STM32Cube_FW_G4_V1.5.2, STM32Cube_FW_H5_V0.5.1, STM32Cube_FW_H5_V1.1.1, STM32Cube_FW_H5_V1.2.0, STM32Cube_FW_H5_V1.2.0RC4, STM32Cube_FW_H7RS_V1.0.0, STM32Cube_FW_H7RS_V1.0.0RC4, STM32Cube_FW_H7_V1.11.0, STM32Cube_FW_L0_V1.12.2, STM32Cube_FW_L5_V1.5.1, STM32Cube_FW_U0_V1.0.0, STM32Cube_FW_U0_V1.0.0RC1, STM32Cube_FW_U5_V1.3.0RC4, STM32Cube_FW_U5_V1.5.0, STM32Cube_FW_U5_V1.5.0RC1, STM32Cube_FW_WBA_V1.0.0RC1, STM32Cube_FW_WBA_V1.2.0, STM32Cube_FW_WBA_V1.2.0RC2, STM32Cube_FW_WBA_V1.3.0, STM32Cube_FW_WBA_V1.3.0RC1, STM32Cube_FW_WB_V1.15.0RC1, STM32Cube_FW_WB_V1.16.0, STM32Cube_FW_WB_V1.16.0RC2, STM32Cube_FW_WB_V1.18.0, STM32Cube_FW_WB_V1.19.0, STM32Cube_FW_WL_V1.3.0, X-CUBE-ALGOBUILD_V1.3.0, X-CUBE-ALS_V1.0.1, X-CUBE-AZRTOS-F4_V1.1.0, X-CUBE-AZRTOS-F7_V1.1.0, X-CUBE-AZRTOS-G0_V1.1.0, X-CUBE-AZRTOS-G4_V2.0.0, X-CUBE-AZRTOS-H7_V3.2.0, X-CUBE-AZRTOS-L4_V1.0.0, X-CUBE-AZRTOS-L4_V2.0.0, X-CUBE-AZRTOS-L5_V1.1.0, X-CUBE-AZRTOS-WB_V2.0.0, X-CUBE-AZRTOS-WL_V2.0.0, X-CUBE-BLE1_V7.0.0, X-CUBE-BLE2_V3.3.0, X-CUBE-BLEMGR_V3.1.0, X-CUBE-EEPRMA1_V4.1.0, X-CUBE-EEPRMA1_V5.1.0, X-CUBE-FREERTOS_V1.1.0, X-CUBE-GNSS1_V6.0.0, X-CUBE-MEMS1_V10.0.0, X-CUBE-MEMS1_V9.1.0, X-CUBE-MEMS1_V9.4.0, X-CUBE-MEMS1_V9.6.0, X-CUBE-NFC4_V3.0.0, X-CUBE-NFC7_V1.0.1, X-CUBE-SFXS2LP1_V4.0.0, X-CUBE-SUBG2_V5.0.0, X-CUBE-TOF1_V3.4.0]
2024-03-25 14:45:48,266 [INFO] DbBoardsSqlite:226 - include board P-NUCLEO-WB55-NUCLEO as a kit item of type 'Nucleo-64'
2024-03-25 14:45:48,266 [INFO] DbBoardsSqlite:226 - include board P-NUCLEO-WB55-USBDONGLE as a kit item of type 'Nucleo USB Dongle'
2024-03-25 14:45:48,269 [INFO] DbBoardsSqlite:226 - include board STEVAL-IDP005V1 as a kit item of type 'Evaluation Board'
2024-03-25 14:45:48,270 [INFO] DbBoardsSqlite:226 - include board STEVAL-IDP005V2 as a kit item of type 'Evaluation Board'
2024-03-25 14:45:49,009 [INFO] ApiDb:240 - Found 371 in-development CPN: [B-G473E-ZEST1S, B-WB1M-WPAN1, B-WL5M-SUBG1, NUCLEO-C031C6, NUCLEO-H503RB, NUCLEO-H563ZI, NUCLEO-U545RE-Q, NUCLEO-U5A5ZJ-Q, NUCLEO-WBA52CG, NUCLEO-WBA55CG, STEVAL-MKBOXPRO, STEVAL-PROTEUS1, STEVAL-STWINBX1, STM320518-EVAL, STM32C0116-DK, STM32C011D6Y3TR, STM32C011D6Y6TR, STM32C011F4P3, STM32C011F4P6, STM32C011F4U3, STM32C011F4U6TR, STM32C011F6P3, STM32C011F6P6, STM32C011F6U3, STM32C011F6U6TR, STM32C011J4M3, STM32C011J4M6, STM32C011J6M3, STM32C011J6M6, STM32C0316-DK, STM32C031C4T3, STM32C031C4T6, STM32C031C4U3, STM32C031C4U6, STM32C031C6T3, STM32C031C6T6, STM32C031C6U3, STM32C031C6U6, STM32C031F4P3, STM32C031F4P6, STM32C031F6P3, STM32C031F6P6, STM32C031G4U3, STM32C031G4U6, STM32C031G6U3, STM32C031G6U6, STM32C031K4T3, STM32C031K4T6, STM32C031K4U3, STM32C031K4U6, STM32C031K6T3, STM32C031K6T6, STM32C031K6U3, STM32C031K6U6, STM32G071K8TXN, STM32G071K8UXN, STM32G081GBU6N, STM32G081KBT6N, STM32G081KBUXN, STM32G0B1CCT6N, STM32G0B1KCT6, STM32G0B1NEY6TR, STM32G0B1RCT6N, STM32G0C1CCT6, STM32G0C1CCT6N, STM32G0C1CCU6N, STM32G0C1CET6N, STM32G0C1CEU6N, STM32G0C1KCT6, STM32G0C1NEY6TR, STM32G0C1RCI6N, STM32G0C1RCT6N, STM32G0C1REI6N, STM32G0C1RET6N, STM32G0C1VCI6, STM32G0C1VEI6, STM32G471CCT6, STM32G471CCU6, STM32G471CET3, STM32G471CET6, STM32G471CEU3, STM32G471CEU6, STM32G471MCT6, STM32G471MET3, STM32G471MET6, STM32G471MEY6TR, STM32G471QCT6, STM32G471QET3, STM32G471RCT6, STM32G471RET3, STM32G471RET6, STM32G471VCH6, STM32G471VCI6, STM32G471VCT6, STM32G471VEH3, STM32G471VEH6, STM32G471VEI3, STM32G471VEI6, STM32G471VET3, STM32G471VET6, STM32G474CCT6, STM32H503CBT6, STM32H503CBU6, STM32H503EBY6TR, STM32H503KBU6, STM32H503RBT6, STM32H562AGI6, STM32H562AII6, STM32H562IGK6, STM32H562IGT6, STM32H562IIK6, STM32H562IIT6, STM32H562RGT6, STM32H562RGV6, STM32H562RIT6, STM32H562RIV6, STM32H562VGT6, STM32H562VIT6, STM32H562ZGT6, STM32H562ZIT6, STM32H563AGI6, STM32H563AII3Q, STM32H563AII6, STM32H563IGK6, STM32H563IGT6, STM32H563IIK3Q, STM32H563IIK6, STM32H563IIT3Q, STM32H563IIT6, STM32H563MIY3QTR, STM32H563RGT6, STM32H563RGV6, STM32H563RIT6, STM32H563RIV6, STM32H563VGT6, STM32H563VIT3Q, STM32H563VIT6, STM32H563ZGT6, STM32H563ZIT3Q, STM32H563ZIT6, STM32H573AII3Q, STM32H573AII6, STM32H573I-DK, STM32H573IIK3Q, STM32H573IIK6, STM32H573IIT3Q, STM32H573IIT6, STM32H573MIY3QTR, STM32H573RIT6, STM32H573RIV6, STM32H573VIT3Q, STM32H573VIT6, STM32H573ZIT3Q, STM32H573ZIT6, STM32L4R5QGI6STR, STM32MP131AAE3, STM32MP131AAF3, STM32MP131AAG3, STM32MP131CAE3, STM32MP131CAF3, STM32MP131CAG3, STM32MP131DAE7, STM32MP131DAF7, STM32MP131DAG7, STM32MP131FAE7, STM32MP131FAF7, STM32MP131FAG7, STM32MP133AAE3, STM32MP133AAF3, STM32MP133AAG3, STM32MP133CAE3, STM32MP133CAF3, STM32MP133CAG3, STM32MP133DAE7, STM32MP133DAF7, STM32MP133DAG7, STM32MP133FAE7, STM32MP133FAF7, STM32MP133FAG7, STM32MP135AAE3, STM32MP135AAF3, STM32MP135AAG3, STM32MP135CAE3, STM32MP135CAF3, STM32MP135CAG3, STM32MP135DAE7, STM32MP135DAF7, STM32MP135DAG7, STM32MP135F-DK, STM32MP135FAE7, STM32MP135FAF7, STM32MP135FAF7T, STM32MP135FAF7U, STM32MP135FAG7, STM32U535CBT6, STM32U535CBT6Q, STM32U535CBU6, STM32U535CBU6Q, STM32U535CCT6, STM32U535CCT6Q, STM32U535CCU6, STM32U535CCU6Q, STM32U535CET6, STM32U535CET6Q, STM32U535CEU6, STM32U535CEU6Q, STM32U535JEY6QTR, STM32U535NCY6QTR, STM32U535NEY6QTR, STM32U535RBI6, STM32U535RBI6Q, STM32U535RBT6, STM32U535RBT6Q, STM32U535RCI6, STM32U535RCI6Q, STM32U535RCT6, STM32U535RCT6Q, STM32U535REI6, STM32U535REI6Q, STM32U535RET6, STM32U535RET6Q, STM32U535VCI6, STM32U535VCI6Q, STM32U535VCT6, STM32U535VCT6Q, STM32U535VEI6, STM32U535VEI6Q, STM32U535VET6, STM32U535VET6Q, STM32U545CET6, STM32U545CET6Q, STM32U545CEU6, STM32U545CEU6Q, STM32U545JEY6QTR, STM32U545NEY6QTR, STM32U545REI6, STM32U545REI6Q, STM32U545RET6, STM32U545RET6Q, STM32U545VEI6, STM32U545VEI6Q, STM32U545VET6, STM32U545VET6Q, STM32U595AIH6, STM32U595AIH6Q, STM32U595AJH6, STM32U595AJH6Q, STM32U595QII6, STM32U595QII6Q, STM32U595QJI6, STM32U595QJI6Q, STM32U595RIT6, STM32U595RIT6Q, STM32U595RJT6, STM32U595RJT6Q, STM32U595VIT6, STM32U595VIT6Q, STM32U595VJT6, STM32U595VJT6Q, STM32U595ZIT6, STM32U595ZIT6Q, STM32U595ZIY6QTR, STM32U595ZJT6, STM32U595ZJT6Q, STM32U595ZJY6QTR, STM32U599BJY6QTR, STM32U599NIH6Q, STM32U599NJH6Q, STM32U599VIT6Q, STM32U599VJT6, STM32U599VJT6Q, STM32U599ZIT6Q, STM32U599ZIY6QTR, STM32U599ZJT6Q, STM32U599ZJY6QTR, STM32U5A5AJH6, STM32U5A5AJH6Q, STM32U5A5QJI6, STM32U5A5QJI6Q, STM32U5A5RJT6, STM32U5A5RJT6Q, STM32U5A5VJT6, STM32U5A5VJT6Q, STM32U5A5ZJT6, STM32U5A5ZJT6Q, STM32U5A5ZJY6QTR, STM32U5A9BJY6QTR, STM32U5A9J-DK, STM32U5A9NJH6Q, STM32U5A9VJT6Q, STM32U5A9ZJT6Q, STM32U5A9ZJY6QTR, STM32U5F7VIT6, STM32U5F7VIT6Q, STM32U5F7VJT6, STM32U5F7VJT6Q, STM32U5F9BJY6QTR, STM32U5F9NJH6Q, STM32U5F9VIT6Q, STM32U5F9VJT6Q, STM32U5F9ZIJ6QTR, STM32U5F9ZIT6Q, STM32U5F9ZJJ6QTR, STM32U5F9ZJT6Q, STM32U5G7VJT6, STM32U5G7VJT6Q, STM32U5G9BJY6QTR, STM32U5G9J-DK1, STM32U5G9J-DK2, STM32U5G9NJH6Q, STM32U5G9VJT6Q, STM32U5G9ZJJ6QTR, STM32U5G9ZJT6Q, STM32WB1MMCH6, STM32WBA50KEU6, STM32WBA50KEU6TR, STM32WBA50KGU6, STM32WBA50KGU6TR, STM32WBA52CEU6, STM32WBA52CEU6TR, STM32WBA52CEU7, STM32WBA52CEU7TR, STM32WBA52CGU6, STM32WBA52CGU6TR, STM32WBA52CGU6U, STM32WBA52CGU7, STM32WBA52CGU7TR, STM32WBA52KEU6, STM32WBA52KEU6TR, STM32WBA52KGU6, STM32WBA52KGU6TR, STM32WBA54CEU6, STM32WBA54CEU6TR, STM32WBA54CEU7, STM32WBA54CEU7TR, STM32WBA54CGU6, STM32WBA54CGU6TR, STM32WBA54CGU7, STM32WBA54CGU7TR, STM32WBA54KEU6, STM32WBA54KEU6TR, STM32WBA54KEU7, STM32WBA54KEU7TR, STM32WBA54KGU6, STM32WBA54KGU6TR, STM32WBA54KGU7, STM32WBA54KGU7TR, STM32WBA55CEU6, STM32WBA55CEU6TR, STM32WBA55CEU7, STM32WBA55CEU7TR, STM32WBA55CGU6, STM32WBA55CGU6TR, STM32WBA55CGU6U, STM32WBA55CGU7, STM32WBA55CGU7TR, STM32WBA55G-DK1, STM32WBA55HEF6, STM32WBA55HEF7, STM32WBA55HGF6, STM32WBA55HGF7, STM32WBA55UEI6, STM32WBA55UEI6TR, STM32WBA55UEI7, STM32WBA55UEI7TR, STM32WBA55UGI6, STM32WBA55UGI6TR, STM32WBA55UGI7, STM32WBA55UGI7TR, STM32WL5MOCH6, STM32WL5MOCH6TR]
2024-03-25 14:45:49,016 [INFO] ApiDb:668 - CubeFinder database Data Model version=2.1
2024-03-25 14:45:49,017 [INFO] ApiDb:669 - CubeFinder database Configuration version=3.0.39
2024-03-25 14:45:49,017 [INFO] ApiDb:670 - CubeFinder database generation date=2024-03-01 (1709305525)
2024-03-25 14:45:49,017 [INFO] ApiDb:671 - CubeFinder database FW Pack versions=[FP-ATR-ASTRA1_V2.0.0, FP-SNS-FLIGHT1_V5.0.1, FP-SNS-FLIGHT1_V5.0.2, FP-SNS-MOTENV1_V4.3.1, FP-SNS-MOTENV1_V4.3.2, FP-SNS-MOTENVWB1_V1.3.1, FP-SNS-SMARTAG2_V1.2.0, STM32Cube_FW_C0_V1.1.0, STM32Cube_FW_F4_V1.28.0, STM32Cube_FW_F7_V1.17.0, STM32Cube_FW_G0_V1.6.2, STM32Cube_FW_G4_V1.5.2, STM32Cube_FW_H5_V0.5.1, STM32Cube_FW_H5_V1.1.1, STM32Cube_FW_H5_V1.2.0, STM32Cube_FW_H5_V1.2.0RC4, STM32Cube_FW_H7RS_V1.0.0, STM32Cube_FW_H7RS_V1.0.0RC4, STM32Cube_FW_H7_V1.11.0, STM32Cube_FW_L0_V1.12.2, STM32Cube_FW_L5_V1.5.1, STM32Cube_FW_U0_V1.0.0, STM32Cube_FW_U0_V1.0.0RC1, STM32Cube_FW_U5_V1.3.0RC4, STM32Cube_FW_U5_V1.5.0, STM32Cube_FW_U5_V1.5.0RC1, STM32Cube_FW_WBA_V1.0.0RC1, STM32Cube_FW_WBA_V1.2.0, STM32Cube_FW_WBA_V1.2.0RC2, STM32Cube_FW_WBA_V1.3.0, STM32Cube_FW_WBA_V1.3.0RC1, STM32Cube_FW_WB_V1.15.0RC1, STM32Cube_FW_WB_V1.16.0, STM32Cube_FW_WB_V1.16.0RC2, STM32Cube_FW_WB_V1.18.0, STM32Cube_FW_WB_V1.19.0, STM32Cube_FW_WL_V1.3.0, X-CUBE-ALGOBUILD_V1.3.0, X-CUBE-ALS_V1.0.1, X-CUBE-AZRTOS-F4_V1.1.0, X-CUBE-AZRTOS-F7_V1.1.0, X-CUBE-AZRTOS-G0_V1.1.0, X-CUBE-AZRTOS-G4_V2.0.0, X-CUBE-AZRTOS-H7_V3.2.0, X-CUBE-AZRTOS-L4_V1.0.0, X-CUBE-AZRTOS-L4_V2.0.0, X-CUBE-AZRTOS-L5_V1.1.0, X-CUBE-AZRTOS-WB_V2.0.0, X-CUBE-AZRTOS-WL_V2.0.0, X-CUBE-BLE1_V7.0.0, X-CUBE-BLE2_V3.3.0, X-CUBE-BLEMGR_V3.1.0, X-CUBE-EEPRMA1_V4.1.0, X-CUBE-EEPRMA1_V5.1.0, X-CUBE-FREERTOS_V1.1.0, X-CUBE-GNSS1_V6.0.0, X-CUBE-MEMS1_V10.0.0, X-CUBE-MEMS1_V9.1.0, X-CUBE-MEMS1_V9.4.0, X-CUBE-MEMS1_V9.6.0, X-CUBE-NFC4_V3.0.0, X-CUBE-NFC7_V1.0.1, X-CUBE-SFXS2LP1_V4.0.0, X-CUBE-SUBG2_V5.0.0, X-CUBE-TOF1_V3.4.0]
2024-03-25 14:45:53,302 [INFO] ApiDb:240 - Found 371 in-development CPN: [B-G473E-ZEST1S, B-WB1M-WPAN1, B-WL5M-SUBG1, NUCLEO-C031C6, NUCLEO-H503RB, NUCLEO-H563ZI, NUCLEO-U545RE-Q, NUCLEO-U5A5ZJ-Q, NUCLEO-WBA52CG, NUCLEO-WBA55CG, STEVAL-MKBOXPRO, STEVAL-PROTEUS1, STEVAL-STWINBX1, STM320518-EVAL, STM32C0116-DK, STM32C011D6Y3TR, STM32C011D6Y6TR, STM32C011F4P3, STM32C011F4P6, STM32C011F4U3, STM32C011F4U6TR, STM32C011F6P3, STM32C011F6P6, STM32C011F6U3, STM32C011F6U6TR, STM32C011J4M3, STM32C011J4M6, STM32C011J6M3, STM32C011J6M6, STM32C0316-DK, STM32C031C4T3, STM32C031C4T6, STM32C031C4U3, STM32C031C4U6, STM32C031C6T3, STM32C031C6T6, STM32C031C6U3, STM32C031C6U6, STM32C031F4P3, STM32C031F4P6, STM32C031F6P3, STM32C031F6P6, STM32C031G4U3, STM32C031G4U6, STM32C031G6U3, STM32C031G6U6, STM32C031K4T3, STM32C031K4T6, STM32C031K4U3, STM32C031K4U6, STM32C031K6T3, STM32C031K6T6, STM32C031K6U3, STM32C031K6U6, STM32G071K8TXN, STM32G071K8UXN, STM32G081GBU6N, STM32G081KBT6N, STM32G081KBUXN, STM32G0B1CCT6N, STM32G0B1KCT6, STM32G0B1NEY6TR, STM32G0B1RCT6N, STM32G0C1CCT6, STM32G0C1CCT6N, STM32G0C1CCU6N, STM32G0C1CET6N, STM32G0C1CEU6N, STM32G0C1KCT6, STM32G0C1NEY6TR, STM32G0C1RCI6N, STM32G0C1RCT6N, STM32G0C1REI6N, STM32G0C1RET6N, STM32G0C1VCI6, STM32G0C1VEI6, STM32G471CCT6, STM32G471CCU6, STM32G471CET3, STM32G471CET6, STM32G471CEU3, STM32G471CEU6, STM32G471MCT6, STM32G471MET3, STM32G471MET6, STM32G471MEY6TR, STM32G471QCT6, STM32G471QET3, STM32G471RCT6, STM32G471RET3, STM32G471RET6, STM32G471VCH6, STM32G471VCI6, STM32G471VCT6, STM32G471VEH3, STM32G471VEH6, STM32G471VEI3, STM32G471VEI6, STM32G471VET3, STM32G471VET6, STM32G474CCT6, STM32H503CBT6, STM32H503CBU6, STM32H503EBY6TR, STM32H503KBU6, STM32H503RBT6, STM32H562AGI6, STM32H562AII6, STM32H562IGK6, STM32H562IGT6, STM32H562IIK6, STM32H562IIT6, STM32H562RGT6, STM32H562RGV6, STM32H562RIT6, STM32H562RIV6, STM32H562VGT6, STM32H562VIT6, STM32H562ZGT6, STM32H562ZIT6, STM32H563AGI6, STM32H563AII3Q, STM32H563AII6, STM32H563IGK6, STM32H563IGT6, STM32H563IIK3Q, STM32H563IIK6, STM32H563IIT3Q, STM32H563IIT6, STM32H563MIY3QTR, STM32H563RGT6, STM32H563RGV6, STM32H563RIT6, STM32H563RIV6, STM32H563VGT6, STM32H563VIT3Q, STM32H563VIT6, STM32H563ZGT6, STM32H563ZIT3Q, STM32H563ZIT6, STM32H573AII3Q, STM32H573AII6, STM32H573I-DK, STM32H573IIK3Q, STM32H573IIK6, STM32H573IIT3Q, STM32H573IIT6, STM32H573MIY3QTR, STM32H573RIT6, STM32H573RIV6, STM32H573VIT3Q, STM32H573VIT6, STM32H573ZIT3Q, STM32H573ZIT6, STM32L4R5QGI6STR, STM32MP131AAE3, STM32MP131AAF3, STM32MP131AAG3, STM32MP131CAE3, STM32MP131CAF3, STM32MP131CAG3, STM32MP131DAE7, STM32MP131DAF7, STM32MP131DAG7, STM32MP131FAE7, STM32MP131FAF7, STM32MP131FAG7, STM32MP133AAE3, STM32MP133AAF3, STM32MP133AAG3, STM32MP133CAE3, STM32MP133CAF3, STM32MP133CAG3, STM32MP133DAE7, STM32MP133DAF7, STM32MP133DAG7, STM32MP133FAE7, STM32MP133FAF7, STM32MP133FAG7, STM32MP135AAE3, STM32MP135AAF3, STM32MP135AAG3, STM32MP135CAE3, STM32MP135CAF3, STM32MP135CAG3, STM32MP135DAE7, STM32MP135DAF7, STM32MP135DAG7, STM32MP135F-DK, STM32MP135FAE7, STM32MP135FAF7, STM32MP135FAF7T, STM32MP135FAF7U, STM32MP135FAG7, STM32U535CBT6, STM32U535CBT6Q, STM32U535CBU6, STM32U535CBU6Q, STM32U535CCT6, STM32U535CCT6Q, STM32U535CCU6, STM32U535CCU6Q, STM32U535CET6, STM32U535CET6Q, STM32U535CEU6, STM32U535CEU6Q, STM32U535JEY6QTR, STM32U535NCY6QTR, STM32U535NEY6QTR, STM32U535RBI6, STM32U535RBI6Q, STM32U535RBT6, STM32U535RBT6Q, STM32U535RCI6, STM32U535RCI6Q, STM32U535RCT6, STM32U535RCT6Q, STM32U535REI6, STM32U535REI6Q, STM32U535RET6, STM32U535RET6Q, STM32U535VCI6, STM32U535VCI6Q, STM32U535VCT6, STM32U535VCT6Q, STM32U535VEI6, STM32U535VEI6Q, STM32U535VET6, STM32U535VET6Q, STM32U545CET6, STM32U545CET6Q, STM32U545CEU6, STM32U545CEU6Q, STM32U545JEY6QTR, STM32U545NEY6QTR, STM32U545REI6, STM32U545REI6Q, STM32U545RET6, STM32U545RET6Q, STM32U545VEI6, STM32U545VEI6Q, STM32U545VET6, STM32U545VET6Q, STM32U595AIH6, STM32U595AIH6Q, STM32U595AJH6, STM32U595AJH6Q, STM32U595QII6, STM32U595QII6Q, STM32U595QJI6, STM32U595QJI6Q, STM32U595RIT6, STM32U595RIT6Q, STM32U595RJT6, STM32U595RJT6Q, STM32U595VIT6, STM32U595VIT6Q, STM32U595VJT6, STM32U595VJT6Q, STM32U595ZIT6, STM32U595ZIT6Q, STM32U595ZIY6QTR, STM32U595ZJT6, STM32U595ZJT6Q, STM32U595ZJY6QTR, STM32U599BJY6QTR, STM32U599NIH6Q, STM32U599NJH6Q, STM32U599VIT6Q, STM32U599VJT6, STM32U599VJT6Q, STM32U599ZIT6Q, STM32U599ZIY6QTR, STM32U599ZJT6Q, STM32U599ZJY6QTR, STM32U5A5AJH6, STM32U5A5AJH6Q, STM32U5A5QJI6, STM32U5A5QJI6Q, STM32U5A5RJT6, STM32U5A5RJT6Q, STM32U5A5VJT6, STM32U5A5VJT6Q, STM32U5A5ZJT6, STM32U5A5ZJT6Q, STM32U5A5ZJY6QTR, STM32U5A9BJY6QTR, STM32U5A9J-DK, STM32U5A9NJH6Q, STM32U5A9VJT6Q, STM32U5A9ZJT6Q, STM32U5A9ZJY6QTR, STM32U5F7VIT6, STM32U5F7VIT6Q, STM32U5F7VJT6, STM32U5F7VJT6Q, STM32U5F9BJY6QTR, STM32U5F9NJH6Q, STM32U5F9VIT6Q, STM32U5F9VJT6Q, STM32U5F9ZIJ6QTR, STM32U5F9ZIT6Q, STM32U5F9ZJJ6QTR, STM32U5F9ZJT6Q, STM32U5G7VJT6, STM32U5G7VJT6Q, STM32U5G9BJY6QTR, STM32U5G9J-DK1, STM32U5G9J-DK2, STM32U5G9NJH6Q, STM32U5G9VJT6Q, STM32U5G9ZJJ6QTR, STM32U5G9ZJT6Q, STM32WB1MMCH6, STM32WBA50KEU6, STM32WBA50KEU6TR, STM32WBA50KGU6, STM32WBA50KGU6TR, STM32WBA52CEU6, STM32WBA52CEU6TR, STM32WBA52CEU7, STM32WBA52CEU7TR, STM32WBA52CGU6, STM32WBA52CGU6TR, STM32WBA52CGU6U, STM32WBA52CGU7, STM32WBA52CGU7TR, STM32WBA52KEU6, STM32WBA52KEU6TR, STM32WBA52KGU6, STM32WBA52KGU6TR, STM32WBA54CEU6, STM32WBA54CEU6TR, STM32WBA54CEU7, STM32WBA54CEU7TR, STM32WBA54CGU6, STM32WBA54CGU6TR, STM32WBA54CGU7, STM32WBA54CGU7TR, STM32WBA54KEU6, STM32WBA54KEU6TR, STM32WBA54KEU7, STM32WBA54KEU7TR, STM32WBA54KGU6, STM32WBA54KGU6TR, STM32WBA54KGU7, STM32WBA54KGU7TR, STM32WBA55CEU6, STM32WBA55CEU6TR, STM32WBA55CEU7, STM32WBA55CEU7TR, STM32WBA55CGU6, STM32WBA55CGU6TR, STM32WBA55CGU6U, STM32WBA55CGU7, STM32WBA55CGU7TR, STM32WBA55G-DK1, STM32WBA55HEF6, STM32WBA55HEF7, STM32WBA55HGF6, STM32WBA55HGF7, STM32WBA55UEI6, STM32WBA55UEI6TR, STM32WBA55UEI7, STM32WBA55UEI7TR, STM32WBA55UGI6, STM32WBA55UGI6TR, STM32WBA55UGI7, STM32WBA55UGI7TR, STM32WL5MOCH6, STM32WL5MOCH6TR]
2024-03-25 14:45:53,318 [INFO] DbMcus:218 - Found 3986 MCUs, 3986 are supported
2024-03-25 14:45:53,319 [INFO] ApiDb:423 - Load user favorites file C:\Users\chayu/.stm32cubeide/favorites.mcus.txt: 0 item(s)
2024-03-25 14:45:53,320 [INFO] ApiDb:427 - User favorites MCUs=[]
2024-03-25 14:45:53,321 [INFO] DbMcus:224 - Set 0 / 0 favorites MCUs
2024-03-25 14:45:54,511 [INFO] BoardInfo:889 - No configuration file found for board P-NUCLEO-WB55
2024-03-25 14:45:54,512 [INFO] DbBoards:161 - Kit is not supported: P-NUCLEO-WB55
2024-03-25 14:45:54,525 [INFO] BoardInfo:889 - No configuration file found for board STEVAL-BFA001V1B
2024-03-25 14:45:54,526 [INFO] DbBoards:161 - Kit is not supported: STEVAL-BFA001V1B
2024-03-25 14:45:54,528 [INFO] BoardInfo:889 - No configuration file found for board STEVAL-BFA001V2B
2024-03-25 14:45:54,529 [INFO] DbBoards:161 - Kit is not supported: STEVAL-BFA001V2B
2024-03-25 14:45:54,775 [INFO] DbBoards:168 - Found 193 boards, 190 are supported
2024-03-25 14:45:54,775 [INFO] DbBoards:169 - Found 193 boards, 3 of them is supported for  Bsp
2024-03-25 14:45:54,798 [INFO] ApiDb:423 - Load user favorites file C:\Users\chayu/.stm32cubeide/favorites.boards.txt: 1 item(s)
2024-03-25 14:45:54,798 [INFO] ApiDb:427 - User favorites Boards=[NUCLEO-G474RE]
2024-03-25 14:45:54,799 [INFO] DbBoards:198 - Set 1 / 1 favorites Boards
2024-03-25 14:45:54,800 [INFO] McuFinderGlobals:76 - Set McuFinderConnectedMode to true
2024-03-25 14:45:54,816 [INFO] MultiScanPanel:200 - Auto-refresh data requested => check proxy status ongoing
2024-03-25 14:45:54,823 [INFO] FinderPluginLoader:95 - Searching for filters in installed packs
2024-03-25 14:45:57,586 [INFO] LoadUrlFilesThread:185 - End of LoadServerUrlFiles without Thread
2024-03-25 14:45:57,665 [INFO] DetailPanel:341 - Set advertising image to C:/Users/chayu/STM32Cube/Repository/\en.prom-stm32wl3-mcu-finder.jpg
2024-03-25 14:46:26,801 [INFO] McuFinderGlobals:76 - Set McuFinderConnectedMode to true
2024-03-25 14:46:27,578 [INFO] ApiDb:448 - Save user favorites file C:\Users\chayu/.stm32cubeide/favorites.mcus.txt: 0 item(s)
2024-03-25 14:46:27,578 [INFO] ApiDb:452 - User favorites MCUs=[]
2024-03-25 19:59:08,053 [ERROR] LogOutputStream:75 - [STDERR_REDIRECT] 
